This is pdfTeX, Version 3.1415926-2.5-1.40.14 (TeX Live 2013/Debian) (format=pdflatex 2016.2.12)  22 MAR 2016 21:57
entering extended mode
 restricted \write18 enabled.
 %&-line parsing enabled.
**EjemploAnalisisMicroarrays.tex
(./EjemploAnalisisMicroarrays.tex
LaTeX2e <2011/06/27>
Babel <3.9h> and hyphenation patterns for 78 languages loaded.
(/usr/share/texlive/texmf-dist/tex/latex/base/article.cls
Document Class: article 2007/10/19 v1.4h Standard LaTeX document class
(/usr/share/texlive/texmf-dist/tex/latex/base/size10.clo
File: size10.clo 2007/10/19 v1.4h Standard LaTeX file (size option)
)
\c@part=\count79
\c@section=\count80
\c@subsection=\count81
\c@subsubsection=\count82
\c@paragraph=\count83
\c@subparagraph=\count84
\c@figure=\count85
\c@table=\count86
\abovecaptionskip=\skip41
\belowcaptionskip=\skip42
\bibindent=\dimen102
)
(/usr/share/texlive/texmf-dist/tex/latex/graphics/graphicx.sty
Package: graphicx 1999/02/16 v1.0f Enhanced LaTeX Graphics (DPC,SPQR)

(/usr/share/texlive/texmf-dist/tex/latex/graphics/keyval.sty
Package: keyval 1999/03/16 v1.13 key=value parser (DPC)
\KV@toks@=\toks14
)
(/usr/share/texlive/texmf-dist/tex/latex/graphics/graphics.sty
Package: graphics 2009/02/05 v1.0o Standard LaTeX Graphics (DPC,SPQR)

(/usr/share/texlive/texmf-dist/tex/latex/graphics/trig.sty
Package: trig 1999/03/16 v1.09 sin cos tan (DPC)
)
(/usr/share/texlive/texmf-dist/tex/latex/latexconfig/graphics.cfg
File: graphics.cfg 2010/04/23 v1.9 graphics configuration of TeX Live
)
Package graphics Info: Driver file: pdftex.def on input line 91.

(/usr/share/texlive/texmf-dist/tex/latex/pdftex-def/pdftex.def
File: pdftex.def 2011/05/27 v0.06d Graphics/color for pdfTeX

(/usr/share/texlive/texmf-dist/tex/generic/oberdiek/infwarerr.sty
Package: infwarerr 2010/04/08 v1.3 Providing info/warning/error messages (HO)
)
(/usr/share/texlive/texmf-dist/tex/generic/oberdiek/ltxcmds.sty
Package: ltxcmds 2011/11/09 v1.22 LaTeX kernel commands for general use (HO)
)
\Gread@gobject=\count87
))
\Gin@req@height=\dimen103
\Gin@req@width=\dimen104
)
(/usr/share/texlive/texmf-dist/tex/latex/graphics/color.sty
Package: color 2005/11/14 v1.0j Standard LaTeX Color (DPC)

(/usr/share/texlive/texmf-dist/tex/latex/latexconfig/color.cfg
File: color.cfg 2007/01/18 v1.5 color configuration of teTeX/TeXLive
)
Package color Info: Driver file: pdftex.def on input line 130.
)
(/usr/share/texlive/texmf-dist/tex/latex/framed/framed.sty
Package: framed 2011/10/22 v 0.96: framed or shaded text with page breaks
\OuterFrameSep=\skip43
\fb@frw=\dimen105
\fb@frh=\dimen106
\FrameRule=\dimen107
\FrameSep=\dimen108
)
(/usr/share/texlive/texmf-dist/tex/latex/base/alltt.sty
Package: alltt 1997/06/16 v2.0g defines alltt environment
)
(/usr/share/texlive/texmf-dist/tex/latex/hyperref/hyperref.sty
Package: hyperref 2012/11/06 v6.83m Hypertext links for LaTeX

(/usr/share/texlive/texmf-dist/tex/generic/oberdiek/hobsub-hyperref.sty
Package: hobsub-hyperref 2012/05/28 v1.13 Bundle oberdiek, subset hyperref (HO)


(/usr/share/texlive/texmf-dist/tex/generic/oberdiek/hobsub-generic.sty
Package: hobsub-generic 2012/05/28 v1.13 Bundle oberdiek, subset generic (HO)
Package: hobsub 2012/05/28 v1.13 Construct package bundles (HO)
Package hobsub Info: Skipping package `infwarerr' (already loaded).
Package hobsub Info: Skipping package `ltxcmds' (already loaded).
Package: ifluatex 2010/03/01 v1.3 Provides the ifluatex switch (HO)
Package ifluatex Info: LuaTeX not detected.
Package: ifvtex 2010/03/01 v1.5 Detect VTeX and its facilities (HO)
Package ifvtex Info: VTeX not detected.
Package: intcalc 2007/09/27 v1.1 Expandable calculations with integers (HO)
Package: ifpdf 2011/01/30 v2.3 Provides the ifpdf switch (HO)
Package ifpdf Info: pdfTeX in PDF mode is detected.
Package: etexcmds 2011/02/16 v1.5 Avoid name clashes with e-TeX commands (HO)
Package etexcmds Info: Could not find \expanded.
(etexcmds)             That can mean that you are not using pdfTeX 1.50 or
(etexcmds)             that some package has redefined \expanded.
(etexcmds)             In the latter case, load this package earlier.
Package: kvsetkeys 2012/04/25 v1.16 Key value parser (HO)
Package: kvdefinekeys 2011/04/07 v1.3 Define keys (HO)
Package: pdftexcmds 2011/11/29 v0.20 Utility functions of pdfTeX for LuaTeX (HO
)
Package pdftexcmds Info: LuaTeX not detected.
Package pdftexcmds Info: \pdf@primitive is available.
Package pdftexcmds Info: \pdf@ifprimitive is available.
Package pdftexcmds Info: \pdfdraftmode found.
Package: pdfescape 2011/11/25 v1.13 Implements pdfTeX's escape features (HO)
Package: bigintcalc 2012/04/08 v1.3 Expandable calculations on big integers (HO
)
Package: bitset 2011/01/30 v1.1 Handle bit-vector datatype (HO)
Package: uniquecounter 2011/01/30 v1.2 Provide unlimited unique counter (HO)
)
Package hobsub Info: Skipping package `hobsub' (already loaded).
Package: letltxmacro 2010/09/02 v1.4 Let assignment for LaTeX macros (HO)
Package: hopatch 2012/05/28 v1.2 Wrapper for package hooks (HO)
Package: xcolor-patch 2011/01/30 xcolor patch
Package: atveryend 2011/06/30 v1.8 Hooks at the very end of document (HO)
Package atveryend Info: \enddocument detected (standard20110627).
Package: atbegshi 2011/10/05 v1.16 At begin shipout hook (HO)
Package: refcount 2011/10/16 v3.4 Data extraction from label references (HO)
Package: hycolor 2011/01/30 v1.7 Color options for hyperref/bookmark (HO)
)
(/usr/share/texlive/texmf-dist/tex/generic/ifxetex/ifxetex.sty
Package: ifxetex 2010/09/12 v0.6 Provides ifxetex conditional
)
(/usr/share/texlive/texmf-dist/tex/latex/oberdiek/auxhook.sty
Package: auxhook 2011/03/04 v1.3 Hooks for auxiliary files (HO)
)
(/usr/share/texlive/texmf-dist/tex/latex/oberdiek/kvoptions.sty
Package: kvoptions 2011/06/30 v3.11 Key value format for package options (HO)
)
\@linkdim=\dimen109
\Hy@linkcounter=\count88
\Hy@pagecounter=\count89

(/usr/share/texlive/texmf-dist/tex/latex/hyperref/pd1enc.def
File: pd1enc.def 2012/11/06 v6.83m Hyperref: PDFDocEncoding definition (HO)
)
\Hy@SavedSpaceFactor=\count90

(/usr/share/texlive/texmf-dist/tex/latex/latexconfig/hyperref.cfg
File: hyperref.cfg 2002/06/06 v1.2 hyperref configuration of TeXLive
)
Package hyperref Info: Hyper figures OFF on input line 4443.
Package hyperref Info: Link nesting OFF on input line 4448.
Package hyperref Info: Hyper index ON on input line 4451.
Package hyperref Info: Plain pages OFF on input line 4458.
Package hyperref Info: Backreferencing OFF on input line 4463.
Package hyperref Info: Implicit mode ON; LaTeX internals redefined.
Package hyperref Info: Bookmarks ON on input line 4688.
\c@Hy@tempcnt=\count91

(/usr/share/texlive/texmf-dist/tex/latex/url/url.sty
\Urlmuskip=\muskip10
Package: url 2013/09/16  ver 3.4  Verb mode for urls, etc.
)
LaTeX Info: Redefining \url on input line 5041.
\XeTeXLinkMargin=\dimen110
\Fld@menulength=\count92
\Field@Width=\dimen111
\Fld@charsize=\dimen112
Package hyperref Info: Hyper figures OFF on input line 6295.
Package hyperref Info: Link nesting OFF on input line 6300.
Package hyperref Info: Hyper index ON on input line 6303.
Package hyperref Info: backreferencing OFF on input line 6310.
Package hyperref Info: Link coloring OFF on input line 6315.
Package hyperref Info: Link coloring with OCG OFF on input line 6320.
Package hyperref Info: PDF/A mode OFF on input line 6325.
LaTeX Info: Redefining \ref on input line 6365.
LaTeX Info: Redefining \pageref on input line 6369.
\Hy@abspage=\count93
\c@Item=\count94
\c@Hfootnote=\count95
)

Package hyperref Message: Driver (autodetected): hpdftex.

(/usr/share/texlive/texmf-dist/tex/latex/hyperref/hpdftex.def
File: hpdftex.def 2012/11/06 v6.83m Hyperref driver for pdfTeX
\Fld@listcount=\count96
\c@bookmark@seq@number=\count97

(/usr/share/texlive/texmf-dist/tex/latex/oberdiek/rerunfilecheck.sty
Package: rerunfilecheck 2011/04/15 v1.7 Rerun checks for auxiliary files (HO)
Package uniquecounter Info: New unique counter `rerunfilecheck' on input line 2
82.
)
\Hy@SectionHShift=\skip44
)
(/usr/share/texlive/texmf-dist/tex/latex/tools/longtable.sty
Package: longtable 2004/02/01 v4.11 Multi-page Table package (DPC)
\LTleft=\skip45
\LTright=\skip46
\LTpre=\skip47
\LTpost=\skip48
\LTchunksize=\count98
\LTcapwidth=\dimen113
\LT@head=\box26
\LT@firsthead=\box27
\LT@foot=\box28
\LT@lastfoot=\box29
\LT@cols=\count99
\LT@rows=\count100
\c@LT@tables=\count101
\c@LT@chunks=\count102
\LT@p@ftn=\toks15
)
(/usr/share/texlive/texmf-dist/tex/latex/base/inputenc.sty
Package: inputenc 2008/03/30 v1.1d Input encoding file
\inpenc@prehook=\toks16
\inpenc@posthook=\toks17

(/usr/share/texlive/texmf-dist/tex/latex/base/utf8.def
File: utf8.def 2008/04/05 v1.1m UTF-8 support for inputenc
Now handling font encoding OML ...
... no UTF-8 mapping file for font encoding OML
Now handling font encoding T1 ...
... processing UTF-8 mapping file for font encoding T1

(/usr/share/texlive/texmf-dist/tex/latex/base/t1enc.dfu
File: t1enc.dfu 2008/04/05 v1.1m UTF-8 support for inputenc
   defining Unicode char U+00A1 (decimal 161)
   defining Unicode char U+00A3 (decimal 163)
   defining Unicode char U+00AB (decimal 171)
   defining Unicode char U+00BB (decimal 187)
   defining Unicode char U+00BF (decimal 191)
   defining Unicode char U+00C0 (decimal 192)
   defining Unicode char U+00C1 (decimal 193)
   defining Unicode char U+00C2 (decimal 194)
   defining Unicode char U+00C3 (decimal 195)
   defining Unicode char U+00C4 (decimal 196)
   defining Unicode char U+00C5 (decimal 197)
   defining Unicode char U+00C6 (decimal 198)
   defining Unicode char U+00C7 (decimal 199)
   defining Unicode char U+00C8 (decimal 200)
   defining Unicode char U+00C9 (decimal 201)
   defining Unicode char U+00CA (decimal 202)
   defining Unicode char U+00CB (decimal 203)
   defining Unicode char U+00CC (decimal 204)
   defining Unicode char U+00CD (decimal 205)
   defining Unicode char U+00CE (decimal 206)
   defining Unicode char U+00CF (decimal 207)
   defining Unicode char U+00D0 (decimal 208)
   defining Unicode char U+00D1 (decimal 209)
   defining Unicode char U+00D2 (decimal 210)
   defining Unicode char U+00D3 (decimal 211)
   defining Unicode char U+00D4 (decimal 212)
   defining Unicode char U+00D5 (decimal 213)
   defining Unicode char U+00D6 (decimal 214)
   defining Unicode char U+00D8 (decimal 216)
   defining Unicode char U+00D9 (decimal 217)
   defining Unicode char U+00DA (decimal 218)
   defining Unicode char U+00DB (decimal 219)
   defining Unicode char U+00DC (decimal 220)
   defining Unicode char U+00DD (decimal 221)
   defining Unicode char U+00DE (decimal 222)
   defining Unicode char U+00DF (decimal 223)
   defining Unicode char U+00E0 (decimal 224)
   defining Unicode char U+00E1 (decimal 225)
   defining Unicode char U+00E2 (decimal 226)
   defining Unicode char U+00E3 (decimal 227)
   defining Unicode char U+00E4 (decimal 228)
   defining Unicode char U+00E5 (decimal 229)
   defining Unicode char U+00E6 (decimal 230)
   defining Unicode char U+00E7 (decimal 231)
   defining Unicode char U+00E8 (decimal 232)
   defining Unicode char U+00E9 (decimal 233)
   defining Unicode char U+00EA (decimal 234)
   defining Unicode char U+00EB (decimal 235)
   defining Unicode char U+00EC (decimal 236)
   defining Unicode char U+00ED (decimal 237)
   defining Unicode char U+00EE (decimal 238)
   defining Unicode char U+00EF (decimal 239)
   defining Unicode char U+00F0 (decimal 240)
   defining Unicode char U+00F1 (decimal 241)
   defining Unicode char U+00F2 (decimal 242)
   defining Unicode char U+00F3 (decimal 243)
   defining Unicode char U+00F4 (decimal 244)
   defining Unicode char U+00F5 (decimal 245)
   defining Unicode char U+00F6 (decimal 246)
   defining Unicode char U+00F8 (decimal 248)
   defining Unicode char U+00F9 (decimal 249)
   defining Unicode char U+00FA (decimal 250)
   defining Unicode char U+00FB (decimal 251)
   defining Unicode char U+00FC (decimal 252)
   defining Unicode char U+00FD (decimal 253)
   defining Unicode char U+00FE (decimal 254)
   defining Unicode char U+00FF (decimal 255)
   defining Unicode char U+0102 (decimal 258)
   defining Unicode char U+0103 (decimal 259)
   defining Unicode char U+0104 (decimal 260)
   defining Unicode char U+0105 (decimal 261)
   defining Unicode char U+0106 (decimal 262)
   defining Unicode char U+0107 (decimal 263)
   defining Unicode char U+010C (decimal 268)
   defining Unicode char U+010D (decimal 269)
   defining Unicode char U+010E (decimal 270)
   defining Unicode char U+010F (decimal 271)
   defining Unicode char U+0110 (decimal 272)
   defining Unicode char U+0111 (decimal 273)
   defining Unicode char U+0118 (decimal 280)
   defining Unicode char U+0119 (decimal 281)
   defining Unicode char U+011A (decimal 282)
   defining Unicode char U+011B (decimal 283)
   defining Unicode char U+011E (decimal 286)
   defining Unicode char U+011F (decimal 287)
   defining Unicode char U+0130 (decimal 304)
   defining Unicode char U+0131 (decimal 305)
   defining Unicode char U+0132 (decimal 306)
   defining Unicode char U+0133 (decimal 307)
   defining Unicode char U+0139 (decimal 313)
   defining Unicode char U+013A (decimal 314)
   defining Unicode char U+013D (decimal 317)
   defining Unicode char U+013E (decimal 318)
   defining Unicode char U+0141 (decimal 321)
   defining Unicode char U+0142 (decimal 322)
   defining Unicode char U+0143 (decimal 323)
   defining Unicode char U+0144 (decimal 324)
   defining Unicode char U+0147 (decimal 327)
   defining Unicode char U+0148 (decimal 328)
   defining Unicode char U+014A (decimal 330)
   defining Unicode char U+014B (decimal 331)
   defining Unicode char U+0150 (decimal 336)
   defining Unicode char U+0151 (decimal 337)
   defining Unicode char U+0152 (decimal 338)
   defining Unicode char U+0153 (decimal 339)
   defining Unicode char U+0154 (decimal 340)
   defining Unicode char U+0155 (decimal 341)
   defining Unicode char U+0158 (decimal 344)
   defining Unicode char U+0159 (decimal 345)
   defining Unicode char U+015A (decimal 346)
   defining Unicode char U+015B (decimal 347)
   defining Unicode char U+015E (decimal 350)
   defining Unicode char U+015F (decimal 351)
   defining Unicode char U+0160 (decimal 352)
   defining Unicode char U+0161 (decimal 353)
   defining Unicode char U+0162 (decimal 354)
   defining Unicode char U+0163 (decimal 355)
   defining Unicode char U+0164 (decimal 356)
   defining Unicode char U+0165 (decimal 357)
   defining Unicode char U+016E (decimal 366)
   defining Unicode char U+016F (decimal 367)
   defining Unicode char U+0170 (decimal 368)
   defining Unicode char U+0171 (decimal 369)
   defining Unicode char U+0178 (decimal 376)
   defining Unicode char U+0179 (decimal 377)
   defining Unicode char U+017A (decimal 378)
   defining Unicode char U+017B (decimal 379)
   defining Unicode char U+017C (decimal 380)
   defining Unicode char U+017D (decimal 381)
   defining Unicode char U+017E (decimal 382)
   defining Unicode char U+200C (decimal 8204)
   defining Unicode char U+2013 (decimal 8211)
   defining Unicode char U+2014 (decimal 8212)
   defining Unicode char U+2018 (decimal 8216)
   defining Unicode char U+2019 (decimal 8217)
   defining Unicode char U+201A (decimal 8218)
   defining Unicode char U+201C (decimal 8220)
   defining Unicode char U+201D (decimal 8221)
   defining Unicode char U+201E (decimal 8222)
   defining Unicode char U+2030 (decimal 8240)
   defining Unicode char U+2031 (decimal 8241)
   defining Unicode char U+2039 (decimal 8249)
   defining Unicode char U+203A (decimal 8250)
   defining Unicode char U+2423 (decimal 9251)
)
Now handling font encoding OT1 ...
... processing UTF-8 mapping file for font encoding OT1

(/usr/share/texlive/texmf-dist/tex/latex/base/ot1enc.dfu
File: ot1enc.dfu 2008/04/05 v1.1m UTF-8 support for inputenc
   defining Unicode char U+00A1 (decimal 161)
   defining Unicode char U+00A3 (decimal 163)
   defining Unicode char U+00B8 (decimal 184)
   defining Unicode char U+00BF (decimal 191)
   defining Unicode char U+00C5 (decimal 197)
   defining Unicode char U+00C6 (decimal 198)
   defining Unicode char U+00D8 (decimal 216)
   defining Unicode char U+00DF (decimal 223)
   defining Unicode char U+00E6 (decimal 230)
   defining Unicode char U+00EC (decimal 236)
   defining Unicode char U+00ED (decimal 237)
   defining Unicode char U+00EE (decimal 238)
   defining Unicode char U+00EF (decimal 239)
   defining Unicode char U+00F8 (decimal 248)
   defining Unicode char U+0131 (decimal 305)
   defining Unicode char U+0141 (decimal 321)
   defining Unicode char U+0142 (decimal 322)
   defining Unicode char U+0152 (decimal 338)
   defining Unicode char U+0153 (decimal 339)
   defining Unicode char U+2013 (decimal 8211)
   defining Unicode char U+2014 (decimal 8212)
   defining Unicode char U+2018 (decimal 8216)
   defining Unicode char U+2019 (decimal 8217)
   defining Unicode char U+201C (decimal 8220)
   defining Unicode char U+201D (decimal 8221)
)
Now handling font encoding OMS ...
... processing UTF-8 mapping file for font encoding OMS

(/usr/share/texlive/texmf-dist/tex/latex/base/omsenc.dfu
File: omsenc.dfu 2008/04/05 v1.1m UTF-8 support for inputenc
   defining Unicode char U+00A7 (decimal 167)
   defining Unicode char U+00B6 (decimal 182)
   defining Unicode char U+00B7 (decimal 183)
   defining Unicode char U+2020 (decimal 8224)
   defining Unicode char U+2021 (decimal 8225)
   defining Unicode char U+2022 (decimal 8226)
)
Now handling font encoding OMX ...
... no UTF-8 mapping file for font encoding OMX
Now handling font encoding U ...
... no UTF-8 mapping file for font encoding U
Now handling font encoding PD1 ...
... no UTF-8 mapping file for font encoding PD1
   defining Unicode char U+00A9 (decimal 169)
   defining Unicode char U+00AA (decimal 170)
   defining Unicode char U+00AE (decimal 174)
   defining Unicode char U+00BA (decimal 186)
   defining Unicode char U+02C6 (decimal 710)
   defining Unicode char U+02DC (decimal 732)
   defining Unicode char U+200C (decimal 8204)
   defining Unicode char U+2026 (decimal 8230)
   defining Unicode char U+2122 (decimal 8482)
   defining Unicode char U+2423 (decimal 9251)
))
(/usr/share/texlive/texmf-dist/tex/latex/underscore/underscore.sty
Package: underscore 2006/09/13
LaTeX Info: Redefining \_ on input line 42.
)
(/usr/share/texlive/texmf-dist/tex/latex/upquote/upquote.sty
Package: upquote 2012/04/19 v1.3 upright-quote and grave-accent glyphs in verba
tim
)
(./EjemploAnalisisMicroarrays.aux)
\openout1 = `EjemploAnalisisMicroarrays.aux'.

LaTeX Font Info:    Checking defaults for OML/cmm/m/it on input line 75.
LaTeX Font Info:    ... okay on input line 75.
LaTeX Font Info:    Checking defaults for T1/cmr/m/n on input line 75.
LaTeX Font Info:    ... okay on input line 75.
LaTeX Font Info:    Checking defaults for OT1/cmr/m/n on input line 75.
LaTeX Font Info:    ... okay on input line 75.
LaTeX Font Info:    Checking defaults for OMS/cmsy/m/n on input line 75.
LaTeX Font Info:    ... okay on input line 75.
LaTeX Font Info:    Checking defaults for OMX/cmex/m/n on input line 75.
LaTeX Font Info:    ... okay on input line 75.
LaTeX Font Info:    Checking defaults for U/cmr/m/n on input line 75.
LaTeX Font Info:    ... okay on input line 75.
LaTeX Font Info:    Checking defaults for PD1/pdf/m/n on input line 75.
LaTeX Font Info:    ... okay on input line 75.

(/usr/share/texlive/texmf-dist/tex/context/base/supp-pdf.mkii
[Loading MPS to PDF converter (version 2006.09.02).]
\scratchcounter=\count103
\scratchdimen=\dimen114
\scratchbox=\box30
\nofMPsegments=\count104
\nofMParguments=\count105
\everyMPshowfont=\toks18
\MPscratchCnt=\count106
\MPscratchDim=\dimen115
\MPnumerator=\count107
\makeMPintoPDFobject=\count108
\everyMPtoPDFconversion=\toks19
) (/usr/share/texlive/texmf-dist/tex/latex/oberdiek/epstopdf-base.sty
Package: epstopdf-base 2010/02/09 v2.5 Base part for package epstopdf

(/usr/share/texlive/texmf-dist/tex/latex/oberdiek/grfext.sty
Package: grfext 2010/08/19 v1.1 Manage graphics extensions (HO)
)
Package grfext Info: Graphics extension search list:
(grfext)             [.png,.pdf,.jpg,.mps,.jpeg,.jbig2,.jb2,.PNG,.PDF,.JPG,.JPE
G,.JBIG2,.JB2,.eps]
(grfext)             \AppendGraphicsExtensions on input line 452.

(/usr/share/texlive/texmf-dist/tex/latex/latexconfig/epstopdf-sys.cfg
File: epstopdf-sys.cfg 2010/07/13 v1.3 Configuration of (r)epstopdf for TeX Liv
e
))
\AtBeginShipoutBox=\box31
Package hyperref Info: Link coloring OFF on input line 75.

(/usr/share/texlive/texmf-dist/tex/latex/hyperref/nameref.sty
Package: nameref 2012/10/27 v2.43 Cross-referencing by name of section

(/usr/share/texlive/texmf-dist/tex/generic/oberdiek/gettitlestring.sty
Package: gettitlestring 2010/12/03 v1.4 Cleanup title references (HO)
)
\c@section@level=\count109
)
LaTeX Info: Redefining \ref on input line 75.
LaTeX Info: Redefining \pageref on input line 75.
LaTeX Info: Redefining \nameref on input line 75.

(./EjemploAnalisisMicroarrays.out) (./EjemploAnalisisMicroarrays.out)
\@outlinefile=\write3
\openout3 = `EjemploAnalisisMicroarrays.out'.

LaTeX Font Info:    External font `cmex10' loaded for size
(Font)              <12> on input line 81.
LaTeX Font Info:    External font `cmex10' loaded for size
(Font)              <8> on input line 81.
LaTeX Font Info:    External font `cmex10' loaded for size
(Font)              <6> on input line 81.

(./EjemploAnalisisMicroarrays.toc
LaTeX Font Info:    External font `cmex10' loaded for size
(Font)              <7> on input line 2.
LaTeX Font Info:    External font `cmex10' loaded for size
(Font)              <5> on input line 2.

Overfull \hbox (6.0107pt too wide) in paragraph at lines 13--13
 [] [][]\OT1/cmr/bx/n/10 Preprocesado: Ex-plo-raci^^Son, Con-trol de Cal-i-dad 
y Nor-mal-izaci^^Son[] []  
 []

[1

{/var/lib/texmf/fonts/map/pdftex/updmap/pdftex.map}])
\tf@toc=\write4
\openout4 = `EjemploAnalisisMicroarrays.toc'.

LaTeX Font Info:    Try loading font information for OMS+cmr on input line 99.

(/usr/share/texlive/texmf-dist/tex/latex/base/omscmr.fd
File: omscmr.fd 1999/05/25 v2.5h Standard LaTeX font definitions
)
LaTeX Font Info:    Font shape `OMS/cmr/m/n' in size <10> not available
(Font)              Font shape `OMS/cmsy/m/n' tried instead on input line 99.
 [2]
<images/analysisProcess.png, id=200, 615.29875pt x 485.815pt>
File: images/analysisProcess.png Graphic file (type png)

<use images/analysisProcess.png>
Package pdftex.def Info: images/analysisProcess.png used on input line 113.
(pdftex.def)             Requested size: 256.0748pt x 202.18767pt.
 [3 <./images/analysisProcess.png (PNG copy)>]
Overfull \hbox (12.25056pt too wide) in paragraph at lines 134--136
[]\OT1/cmr/m/n/10 Los genes m^^Sas rel-e-vantes de cada com-paraci^^Son se re-s
altaron uti-lizando ``volcano-
 []

Package color Info: Redefining color shadecolor on input line 156.
[4]
Overfull \hbox (14.94806pt too wide) in paragraph at lines 184--185
\OT1/cmr/m/n/10 art^^S^^Pculo de Farmer ([[]]) \OT1/cmr/m/it/10 et alt.\OT1/cmr
/m/n/10 ([]$\OT1/cmtt/m/n/10 http : / / www . ncbi . nlm . nih . gov / pubmed /
 15897907$[]\OT1/cmr/m/n/10 )
 []

Package color Info: Redefining color shadecolor on input line 194.
LaTeX Font Info:    Font shape `OT1/cmtt/bx/n' in size <10> not available
(Font)              Font shape `OT1/cmtt/m/n' tried instead on input line 196.
[5]
Package color Info: Redefining color shadecolor on input line 213.

Overfull \hbox (134.48195pt too wide) in paragraph at lines 215--215
[][]\OT1/cmtt/m/it/10 # muestras <- read.csv2(file.path(dataDir, "Asignacion_de
_muestras_a_grupos.csv"),  head=T)[][] 
 []


Overfull \hbox (3.2331pt too wide) in paragraph at lines 221--221
[][]\OT1/cmtt/m/it/10 # write.table(alAnalisis, file=file.path(dataDir, "target
s.txt"), [][] 
 []

LaTeX Font Info:    Try loading font information for OMS+cmtt on input line 222
.
(/usr/share/R/share/texmf/tex/latex/omscmtt.fd
File: omscmtt.fd 
)
LaTeX Font Info:    Font shape `OMS/cmtt/m/it' in size <10> not available
(Font)              Font shape `OMS/cmsy/m/n' tried instead on input line 222.

Underfull \vbox (badness 10000) detected at line 260
 []

[6]
Package color Info: Redefining color shadecolor on input line 266.

Overfull \hbox (27.74675pt too wide) in paragraph at lines 269--269
[][]\OT1/cmtt/m/n/10 sampleInfo[] []<-[] []read.AnnotatedDataFrame[][]([][]file
.path[][](dataDir,[][]"targets.txt"[][]),[][] 
 []

LaTeX Font Info:    Font shape `OMS/cmtt/m/n' in size <10> not available
(Font)              Font shape `OMS/cmsy/m/n' tried instead on input line 270.

Overfull \hbox (17.24684pt too wide) in paragraph at lines 272--272
[][]\OT1/cmtt/m/n/10 rawData[] []<-[] []read.affybatch[][]([][]filenames[][]=[]
[]file.path[][](celfilesDir,fileNames),[][] 
 []


Overfull \hbox (59.24648pt too wide) in paragraph at lines 278--279
[]\OT1/cmtt/m/n/10 ## Warning: replacing previous import 'AnnotationDbi::tail' 
by 'utils::tail'
 []


Overfull \hbox (59.24648pt too wide) in paragraph at lines 280--281
[]\OT1/cmtt/m/n/10 ## Warning: replacing previous import 'AnnotationDbi::head' 
by 'utils::head'
 []

[7]
Package color Info: Redefining color shadecolor on input line 331.
 <images/graficplotHist-1.pdf, id=255, 505.89pt x 505.89pt>
File: images/graficplotHist-1.pdf Graphic file (type pdf)

<use images/graficplotHist-1.pdf>
Package pdftex.def Info: images/graficplotHist-1.pdf used on input line 332.
(pdftex.def)             Requested size: 345.0pt x 345.00414pt.
Package color Info: Redefining color shadecolor on input line 343.

Overfull \hbox (17.24684pt too wide) in paragraph at lines 345--345
[][]\OT1/cmtt/m/n/10 boxplot[][](rawData,[] []cex.axis[][]=[][]0.6[][],[] []col
[][]=colores,[] []las[][]=[][]2[][],[] []names[][]=sampleNames,[][] 
 []

<images/graficboxplot-1.pdf, id=256, 505.89pt x 505.89pt>
File: images/graficboxplot-1.pdf Graphic file (type pdf)

<use images/graficboxplot-1.pdf>
Package pdftex.def Info: images/graficboxplot-1.pdf used on input line 349.
(pdftex.def)             Requested size: 345.0pt x 345.00414pt.
Package color Info: Redefining color shadecolor on input line 359.

Overfull \hbox (53.99652pt too wide) in paragraph at lines 361--361
[][]\OT1/cmtt/m/n/10 plotPCA[] []<-[] []function[] []([] []X[][],[] []labels[][
]=[][]NULL[][],[] []colors[][]=[][]NULL[][],[] []dataDesc[][]=[][]""[][],[] []s
cale[][]=[][]FALSE[][])[][] 
 []


Overfull \hbox (95.99615pt too wide) in paragraph at lines 371--371
[]  []\OT1/cmtt/m/n/10 title[][]([][]paste[][]([][]"Plot of first 2 PCs for exp
ressions in"[][], dataDesc,[] []sep[][]=[][]" "[][]),[] []cex[][]=[][]0.8[][])[
][] 
 []

Package color Info: Redefining color shadecolor on input line 380.

Overfull \hbox (32.9967pt too wide) in paragraph at lines 382--382
[][]\OT1/cmtt/m/n/10 plotPCA[][]([][]exprs[][](rawData),[] []labels[][]=sampleN
ames,[] []dataDesc[][]=[][]"selected samples"[][])[][] 
 []

<images/graficplotPCA2D-1.pdf, id=257, 505.89pt x 505.89pt>
File: images/graficplotPCA2D-1.pdf Graphic file (type pdf)

<use images/graficplotPCA2D-1.pdf>
Package pdftex.def Info: images/graficplotPCA2D-1.pdf used on input line 385.
(pdftex.def)             Requested size: 345.0pt x 345.00414pt.
Package color Info: Redefining color shadecolor on input line 397.

<images/graficdistAnalisis-1.pdf, id=258, 505.89pt x 505.89pt>
File: images/graficdistAnalisis-1.pdf Graphic file (type pdf)

<use images/graficdistAnalisis-1.pdf>
Package pdftex.def Info: images/graficdistAnalisis-1.pdf used on input line 403
.
(pdftex.def)             Requested size: 345.0pt x 345.00414pt.
Package color Info: Redefining color shadecolor on input line 419.

<images/graficplotDendro-1.pdf, id=259, 505.89pt x 505.89pt>
File: images/graficplotDendro-1.pdf Graphic file (type pdf)

<use images/graficplotDendro-1.pdf>
Package pdftex.def Info: images/graficplotDendro-1.pdf used on input line 420.
(pdftex.def)             Requested size: 345.0pt x 345.00414pt.
 [8] [9 <./images/graficplotHist-1.pdf>]
[10 <./images/graficboxplot-1.pdf>] [11 <./images/graficplotPCA2D-1.pdf>]
[12 <./images/graficdistAnalisis-1.pdf>] [13 <./images/graficplotDendro-1.pdf>]
Package color Info: Redefining color shadecolor on input line 433.

Overfull \hbox (53.99652pt too wide) in paragraph at lines 436--436
[][]\OT1/cmtt/m/n/10 arrayQualityMetrics[][](rawData,[] []outdir[] []=[] []file
.path[][](resultsDir,[] []"arrayQuality"[][]),[][] 
 []


Overfull \hbox (122.24593pt too wide) in paragraph at lines 441--441
[]\OT1/cmtt/m/it/10 ## The report will be written into directory '/home/alex/Dr
opbox (VHIR)/Scripts/Exemple_-
 []

Package color Info: Redefining color shadecolor on input line 464.
Package color Info: Redefining color shadecolor on input line 481.

Overfull \hbox (74.99634pt too wide) in paragraph at lines 483--483
[][]\OT1/cmtt/m/n/10 boxplot[][](eset_rma,[][]main[][]=[][]"RMA"[][],[] []names
[][]=sampleNames,[] []cex.axis[][]=[][]0.7[][],[] []col[][]=colores,[][]las[][]
=[][]2[][])[][] 
 []

<images/graficnormBoxPlot-1.pdf, id=322, 505.89pt x 505.89pt>
File: images/graficnormBoxPlot-1.pdf Graphic file (type pdf)

<use images/graficnormBoxPlot-1.pdf>
Package pdftex.def Info: images/graficnormBoxPlot-1.pdf used on input line 486.

(pdftex.def)             Requested size: 345.0pt x 345.00414pt.

Overfull \hbox (13.58392pt too wide) in paragraph at lines 495--496
\OT1/cmr/m/n/10 ciones o que de-seamos quitar por otras ra-zones como por ejem-
plo que no disponemos
 []

[14] [15 <./images/graficnormBoxPlot-1.pdf>]
Package color Info: Redefining color shadecolor on input line 500.

Overfull \hbox (8.94388pt too wide) in paragraph at lines 511--512
[]\OT1/cmr/m/n/10 La funci^^Son \OT1/cmtt/m/n/10 nsFilter \OT1/cmr/m/n/10 de-vu
elve los val-ores fil-tra-dos en un ob-jeto \OT1/cmtt/m/n/10 expressionSet
 []

Package color Info: Redefining color shadecolor on input line 514.
Package color Info: Redefining color shadecolor on input line 559.
[16]
Overfull \hbox (90.7462pt too wide) in paragraph at lines 561--561
[][]\OT1/cmtt/m/n/10 save[][](eset_rma, eset_filtered,[] []file[][]=[][]file.pa
th[][](resultsDir,[] []"datos.normalizados.Rda"[][]))[][] 
 []

Package color Info: Redefining color shadecolor on input line 570.

Overfull \hbox (59.24648pt too wide) in paragraph at lines 572--572
[][]\OT1/cmtt/m/n/10 write.csv2[][]([][]exprs[][](eset_rma),[] []file.path[][](
resultsDir,[] []"Datos.Normalizados.csv2"[][]))[][] 
 []

Package color Info: Redefining color shadecolor on input line 602.
[17]
Package color Info: Redefining color shadecolor on input line 637.

Overfull \hbox (1.1388pt too wide) in paragraph at lines 669--671
[]\OT1/cmr/m/n/10 El an^^Salisis pro-por-ciona los es-tad^^S^^Psticos de test h
a-bit-uales como \OT1/cmtt/m/n/10 Fold--change
 []

[18]
Package color Info: Redefining color shadecolor on input line 680.

Overfull \hbox (95.99615pt too wide) in paragraph at lines 682--682
[][]\OT1/cmtt/m/n/10 topTab_AvsB[] []<-[] []topTable[] [](fit.main,[] []number[
][]=[][]nrow[][](fit.main),[] []coef[][]=[][]"AvsB"[][],[] []adjust[][]=[][]"fd
r"[][])[][] 
 []


Overfull \hbox (95.99615pt too wide) in paragraph at lines 683--683
[][]\OT1/cmtt/m/n/10 topTab_AvsL[] []<-[] []topTable[] [](fit.main,[] []number[
][]=[][]nrow[][](fit.main),[] []coef[][]=[][]"AvsL"[][],[] []adjust[][]=[][]"fd
r"[][])[][] 
 []


Overfull \hbox (106.49606pt too wide) in paragraph at lines 684--684
[][]\OT1/cmtt/m/n/10 topTab_BvsL[]  []<-[] []topTable[] [](fit.main,[] []number
[][]=[][]nrow[][](fit.main) ,[] []coef[][]=[][]"BvsL"[][],[] []adjust[][]=[][]"
fdr"[][])[][] 
 []


Overfull \hbox (1.16307pt too wide) in paragraph at lines 711--711
[]\OT1/cmr/bx/n/14.4 Post-procesado de las lis-tas de genes obtenidas 
 []


Overfull \hbox (7.83392pt too wide) in paragraph at lines 715--716
[]\OT1/cmr/m/n/10 Entre es-tas ex-plo-raciones --que pode-mos lla-mar gener-i-c
a-mente ``post-procesado
 []

[19]
Package color Info: Redefining color shadecolor on input line 746.
Package color Info: Redefining color shadecolor on input line 764.
Package color Info: Redefining color shadecolor on input line 778.

Overfull \hbox (11.99689pt too wide) in paragraph at lines 780--780
[][]\OT1/cmtt/m/n/10 vennDiagram[] [](res.selected[,[][]1[][]:[][]3[][]],[] []m
ain[][]=[][]"Genes in common #1"[][],[] []cex[][]=[][]0.9[][])[][] 
 []

<images/graficvenn1-1.pdf, id=357, 505.89pt x 505.89pt>
File: images/graficvenn1-1.pdf Graphic file (type pdf)

<use images/graficvenn1-1.pdf>
Package pdftex.def Info: images/graficvenn1-1.pdf used on input line 783.
(pdftex.def)             Requested size: 345.0pt x 345.00414pt.
Package color Info: Redefining color shadecolor on input line 798.
 [20] [21 <./images/graficvenn1-1.pdf>] [22]
Package color Info: Redefining color shadecolor on input line 870.
Package color Info: Redefining color shadecolor on input line 891.

Overfull \hbox (74.99634pt too wide) in paragraph at lines 895--895
[][]\OT1/cmtt/m/n/10 listOfTables[] []<-[] []list[][]([][]AvsB[] []= topTab_Avs
B,[] []AvsL[] []= topTab_AvsL,[] []BvsL[] []= topTab_BvsL)[][] 
 []


Overfull \hbox (13.733pt too wide) in paragraph at lines 902--902
[]  []\OT1/cmtt/m/it/10 # Los convertimos a identificadores Entrez ("EG") y a G
ene Symbols[][] 
 []


Overfull \hbox (45.23273pt too wide) in paragraph at lines 907--907
[]  []\OT1/cmtt/m/it/10 # Preparamos el data.frame con el que se crear^^Sa el a
rchivo de resultados[][] 
 []


Overfull \hbox (22.4968pt too wide) in paragraph at lines 908--908
[]  []\OT1/cmtt/m/n/10 otherNames[] []=[] []data.frame[][](selectedIDs, simbols
, topTab[whichGenes,[][]-[][]1[][]])[][] 
 []


Overfull \hbox (27.74675pt too wide) in paragraph at lines 909--909
[]  []\OT1/cmtt/m/n/10 names[][](otherNames)[] []=[] []c[][]([][]"Affy ID"[][],
[] []"Gene Symbol"[][],[] []colnames[][](topTab)[[][]-[][]1[][]])[][] 
 []


Overfull \hbox (69.74638pt too wide) in paragraph at lines 914--914
[]           []\OT1/cmtt/m/n/10 paste[][]([][]"Selected Genes in comparison "[]
[],comparison,[][]".html"[][],[] []sep[][]=[][]""[][])) ,[][] 
 []


Overfull \hbox (101.24611pt too wide) in paragraph at lines 915--915
[]           []\OT1/cmtt/m/n/10 title[] []=[] []paste[][]([][]"Diff. expressed 
genes in comparison "[][], comparison,[] []sep[][]=[][]""[][]),[][] 
 []

[23]
Package color Info: Redefining color shadecolor on input line 938.
Package color Info: Redefining color shadecolor on input line 964.

Overfull \hbox (64.49643pt too wide) in paragraph at lines 967--967
[][]\OT1/cmtt/m/n/10 heatmap[][](exprs2cluster,[] []col[][]=[][]rainbow[][]([][
]100[][]),[] []ColSideColors[][]=grupColors,[] []cexCol[][]=[][]0.9[][])[][] 
 []

<images/graficplotHeatMap1-1.pdf, id=381, 505.89pt x 505.89pt>
File: images/graficplotHeatMap1-1.pdf Graphic file (type pdf)

<use images/graficplotHeatMap1-1.pdf>
Package pdftex.def Info: images/graficplotHeatMap1-1.pdf used on input line 970
.
(pdftex.def)             Requested size: 345.0pt x 345.00414pt.
Package color Info: Redefining color shadecolor on input line 984.

<images/graficplotHeatMap2-1.pdf, id=382, 505.89pt x 505.89pt>
File: images/graficplotHeatMap2-1.pdf Graphic file (type pdf)

<use images/graficplotHeatMap2-1.pdf>
Package pdftex.def Info: images/graficplotHeatMap2-1.pdf used on input line 994
.
(pdftex.def)             Requested size: 345.0pt x 345.00414pt.
 [24] [25 <./images/graficplotHeatMap1-1.pdf>] [26 <./images/graficplotHeatMap2
-1.pdf>]
Package color Info: Redefining color shadecolor on input line 1012.

Overfull \hbox (74.99634pt too wide) in paragraph at lines 1015--1015
[][]\OT1/cmtt/m/n/10 listOfTables[] []<-[] []list[][]([][]AvsB[] []= topTab_Avs
B,[] []AvsL[] []= topTab_AvsL,[] []BvsL[] []= topTab_BvsL)[][] 
 []


Overfull \hbox (76.73245pt too wide) in paragraph at lines 1019--1019
[]  []\OT1/cmtt/m/it/10 # Definimos el universo de genes: todos los que se han 
incluido en el an^^Salisis[][] 
 []


Overfull \hbox (50.48268pt too wide) in paragraph at lines 1020--1020
[]  []\OT1/cmtt/m/it/10 # EL programa trabaja con identificadores "entrez" y no
 admite duplicados[][] 
 []


Overfull \hbox (50.48268pt too wide) in paragraph at lines 1026--1026
[]  []\OT1/cmtt/m/it/10 # por lo que es habitual basarse en p-valores sin ajust
ar para incluirlos[][] 
 []


Overfull \hbox (27.74675pt too wide) in paragraph at lines 1029--1029
[]  []\OT1/cmtt/m/n/10 geneIds[] []<-[]   []unique[][]([][]getEG[][]([][]rownam
es[][](topTab)[whichGenes],[][]"hgu133a.db"[][]))[][] 
 []


Overfull \hbox (59.24648pt too wide) in paragraph at lines 1053--1053
[]  []\OT1/cmtt/m/n/10 htmlReport[][](GOhyper,[] []file[] []= GOfilename,[] []s
ummary.args[][]=[][]list[][]([][]"htmlLinks"[][]=[][]TRUE[][]))[][] 
 []


Overfull \hbox (80.24629pt too wide) in paragraph at lines 1054--1054
[]  []\OT1/cmtt/m/n/10 htmlReport[][](KEGGhyper,[] []file[] []= KEGGfilename,[]
 []summary.args[][]=[][]list[][]([][]"htmlLinks"[][]=[][]TRUE[][]))[][] 
 []


Overfull \vbox (1.96666pt too high) detected at line 1057
 []

[27]
Package color Info: Redefining color shadecolor on input line 1080.

Overfull \hbox (17.24684pt too wide) in paragraph at lines 1106--1106
[]  []\OT1/cmtt/m/n/10 gsSymbol[[[][]colnames[][](geneSets[i])]][] []<-[] []uni
que[][](gsSymb[[][]![][]is.na[][](gsSymb)])[][] 
 []

[28]
Package color Info: Redefining color shadecolor on input line 1115.

Overfull \hbox (85.49625pt too wide) in paragraph at lines 1118--1118
[][]\OT1/cmtt/m/n/10 esetUnique[] []<-[] []featureFilter[][](eset_rma,[] []requ
ire.entrez[][]=[][]TRUE[][],[] []remove.dupEntrez[][]=[][]FALSE[][])[][] 
 []


Overfull \hbox (80.24629pt too wide) in paragraph at lines 1125--1125
[][]\OT1/cmtt/m/n/10 esetUnique[] []<-[] []featureFilter[][](eset_rma,[] []requ
ire.entrez[][]=[][]TRUE[][],[] []remove.dupEntrez[][]=[][]TRUE[][])[][] 
 []


Overfull \hbox (27.74675pt too wide) in paragraph at lines 1158--1158
[]\OT1/cmtt/m/n/10 ##                Sample             Ids SampleIDs Group Apo
crine.grade[] 
 []


Overfull \hbox (27.74675pt too wide) in paragraph at lines 1158--1158
[]\OT1/cmtt/m/n/10 ## GSM26878.CEL GSM26878 PF14 EnPnT2N1G2      PF14     A    
          3[] 
 []


Overfull \hbox (27.74675pt too wide) in paragraph at lines 1158--1158
[]\OT1/cmtt/m/n/10 ## GSM26883.CEL GSM26883 PF19 EnPuT4N0Gu      PF19     A    
          2[] 
 []


Overfull \hbox (27.74675pt too wide) in paragraph at lines 1158--1158
[]\OT1/cmtt/m/n/10 ## GSM26887.CEL GSM26887 PF23 EnPnT2N0G2      PF23     A    
          3[] 
 []


Overfull \hbox (27.74675pt too wide) in paragraph at lines 1158--1158
[]\OT1/cmtt/m/n/10 ## GSM26903.CEL GSM26903 PF39 EnPuT4N0Gu      PF39     A    
          3[] 
 []


Overfull \hbox (27.74675pt too wide) in paragraph at lines 1158--1158
[]\OT1/cmtt/m/n/10 ## GSM26910.CEL GSM26910 PF46 EnPnT4N1G3      PF46     A    
          3[] 
 []


Overfull \hbox (27.74675pt too wide) in paragraph at lines 1158--1158
[]\OT1/cmtt/m/n/10 ## GSM26888.CEL GSM26888 PF24 EnPnTiN0G3      PF24     B    
          2[] 
 []


Overfull \hbox (27.74675pt too wide) in paragraph at lines 1158--1158
[]\OT1/cmtt/m/n/10 ## GSM26889.CEL GSM26889 PF25 EnPnT3N2G2      PF25     B    
          1[] 
 []


Overfull \hbox (27.74675pt too wide) in paragraph at lines 1158--1158
[]\OT1/cmtt/m/n/10 ## GSM26892.CEL GSM26892 PF28 EnPnT2N1G3      PF28     B    
          2[] 
 []


Overfull \hbox (27.74675pt too wide) in paragraph at lines 1158--1158
[]\OT1/cmtt/m/n/10 ## GSM26898.CEL GSM26898 PF34 EnPnT3N1G3      PF34     B    
          1[] 
 []


Overfull \hbox (27.74675pt too wide) in paragraph at lines 1158--1158
[]\OT1/cmtt/m/n/10 ## GSM26906.CEL GSM26906 PF42 EnPnT2N2G3      PF42     B    
         na[] 
 []

Package color Info: Redefining color shadecolor on input line 1171.
[29]
Overfull \hbox (206.2452pt too wide) in paragraph at lines 1174--1174
[][]\OT1/cmtt/m/n/10 GSA.obj[][]<-[][]GSA[][](xAB, yAB,[] []genenames[][]=entre
zs,[] []genesets[][]=gsEntrez,[]  []resp.type[][]=[][]"Two class unpaired"[][],
[] []nperms[][]=[][]100[][])[][] 
 []

Package color Info: Redefining color shadecolor on input line 1216.

Overfull \hbox (53.99652pt too wide) in paragraph at lines 1218--1218
[][]\OT1/cmtt/m/n/10 geneset.obj[] []<-[] []GSA.read.gmt[][]([][]file.path[][](
dataDir,[][]"c2.cp.kegg.v5.1.entrez.gmt"[][]))[][] 
 []


Overfull \hbox (2038.47922pt too wide) in paragraph at lines 1406--1406
[]\OT1/cmtt/m/n/10 ## 123456789101112131415161718192021222324252627282930313233
3435363738394041424344454647484950515253545556575859606162636465666768697071727
3747576777879808182838485868788899091929394959697989910010110210310410510610710
8109110111112113114115116117118119120121122123124125126127128129130131132133134
1351361371381391401411421431441451461471481491501511521531541551561571581591601
611621631641651661671681691701711721731741751761771781791801811821831841851861[
] 
 []


Overfull \hbox (284.9945pt too wide) in paragraph at lines 1408--1408
[][]\OT1/cmtt/m/n/10 GSA.obj2[] []<-[] []GSA[][](xAB, yAB,[] []genenames[][]=en
trezs,[] []genesets[][]=geneset.obj[][]$[][]genesets,[]  []resp.type[][]=[][]"T
wo class unpaired"[][],[] []nperms[][]=[][]100[][])[][] 
 []


Overfull \hbox (48.74657pt too wide) in paragraph at lines 1423--1423
[][]\OT1/cmtt/m/n/10 GSA.listsets[] [](GSA.obj2,[] []geneset.names[][]=geneset.
obj[][]$[][]geneset.names,[] []FDRcut[][]=[][].5[][])[][] 
 []


Overfull \hbox (6.74693pt too wide) in paragraph at lines 1470--1470
[]\OT1/cmtt/m/n/10 ##  [6,] "29"     "KEGG_GLUTATHIONE_MET" "-0.4147" "0.01"  "
0.1978"[] 
 []


Overfull \hbox (6.74693pt too wide) in paragraph at lines 1470--1470
[]\OT1/cmtt/m/n/10 ##  [7,] "33"     "KEGG_O_GLYCAN_BIOSYN" "-0.6857" "0.01"  "
0.1978"[] 
 []


Overfull \hbox (6.74693pt too wide) in paragraph at lines 1470--1470
[]\OT1/cmtt/m/n/10 ##  [8,] "101"    "KEGG_PEROXISOME"      "-0.7756" "0.01"  "
0.1978"[] 
 []


Overfull \hbox (6.74693pt too wide) in paragraph at lines 1470--1470
[]\OT1/cmtt/m/n/10 ##  [9,] "166"    "KEGG_ENDOMETRIAL_CAN" "-0.3821" "0.01"  "
0.1978"[] 
 []


Overfull \hbox (6.74693pt too wide) in paragraph at lines 1470--1470
[]\OT1/cmtt/m/n/10 ## [10,] "11"     "KEGG_STEROID_HORMONE" "-0.7588" "0.02"  "
0.2967"[] 
 []


Overfull \hbox (6.74693pt too wide) in paragraph at lines 1470--1470
[]\OT1/cmtt/m/n/10 ## [11,] "28"     "KEGG_SELENOAMINO_ACI" "-0.4246" "0.02"  "
0.2967"[] 
 []


Overfull \hbox (6.74693pt too wide) in paragraph at lines 1470--1470
[]\OT1/cmtt/m/n/10 ## [12,] "80"     "KEGG_PPAR_SIGNALING_" "-0.46"   "0.02"  "
0.2967"[] 
 []


Overfull \hbox (6.74693pt too wide) in paragraph at lines 1470--1470
[]\OT1/cmtt/m/n/10 ## [13,] "68"     "KEGG_DRUG_METABOLISM" "-0.5961" "0.03"  "
0.3814"[] 
 []


Overfull \hbox (6.74693pt too wide) in paragraph at lines 1470--1470
[]\OT1/cmtt/m/n/10 ## [14,] "176"    "KEGG_NON_SMALL_CELL_" "-0.2345" "0.03"  "
0.3814"[] 
 []


Overfull \hbox (6.74693pt too wide) in paragraph at lines 1470--1470
[]\OT1/cmtt/m/n/10 ## [15,] "9"      "KEGG_STEROID_BIOSYNT" "-0.7575" "0.04"  "
0.4188"[] 
 []


Overfull \hbox (6.74693pt too wide) in paragraph at lines 1470--1470
[]\OT1/cmtt/m/n/10 ## [16,] "60"     "KEGG_RETINOL_METABOL" "-0.5196" "0.04"  "
0.4188"[] 
 []


Overfull \hbox (6.74693pt too wide) in paragraph at lines 1470--1470
[]\OT1/cmtt/m/n/10 ## [17,] "67"     "KEGG_METABOLISM_OF_X" "-0.6237" "0.04"  "
0.4188"[] 
 []


Overfull \hbox (6.74693pt too wide) in paragraph at lines 1470--1470
[]\OT1/cmtt/m/n/10 ## [18,] "146"    "KEGG_ADIPOCYTOKINE_S" "-0.2582" "0.05"  "
0.4615"[] 
 []


Overfull \hbox (6.74693pt too wide) in paragraph at lines 1470--1470
[]\OT1/cmtt/m/n/10 ## [19,] "151"    "KEGG_VASOPRESSIN_REG" "-0.268"  "0.05"  "
0.4615"[] 
 []


Overfull \hbox (6.74693pt too wide) in paragraph at lines 1470--1470
[]\OT1/cmtt/m/n/10 ## [20,] "24"     "KEGG_PHENYLALANINE_M" "-0.7359" "0.06"  "
0.4615"[] 
 []


Overfull \hbox (6.74693pt too wide) in paragraph at lines 1470--1470
[]\OT1/cmtt/m/n/10 ## [21,] "39"     "KEGG_GLYCEROLIPID_ME" "-0.4147" "0.06"  "
0.4615"[] 
 []


Overfull \hbox (6.74693pt too wide) in paragraph at lines 1470--1470
[]\OT1/cmtt/m/n/10 ## [22,] "8"      "KEGG_FATTY_ACID_META" "-0.3455" "0.07"  "
0.4615"[] 
 []


Overfull \hbox (6.74693pt too wide) in paragraph at lines 1470--1470
[]\OT1/cmtt/m/n/10 ## [23,] "10"     "KEGG_PRIMARY_BILE_AC" "-0.5234" "0.07"  "
0.4615"[] 
 []


Overfull \hbox (6.74693pt too wide) in paragraph at lines 1470--1470
[]\OT1/cmtt/m/n/10 ## [24,] "16"     "KEGG_GLYCINE_SERINE_" "-0.3191" "0.07"  "
0.4615"[] 
 []


Overfull \hbox (6.74693pt too wide) in paragraph at lines 1470--1470
[]\OT1/cmtt/m/n/10 ## [25,] "30"     "KEGG_STARCH_AND_SUCR" "-0.3887" "0.07"  "
0.4615"[] 
 []


Overfull \hbox (6.74693pt too wide) in paragraph at lines 1470--1470
[]\OT1/cmtt/m/n/10 ## [26,] "87"     "KEGG_ERBB_SIGNALING_" "-0.237"  "0.07"  "
0.4615"[] 
 []


Overfull \hbox (6.74693pt too wide) in paragraph at lines 1470--1470
[]\OT1/cmtt/m/n/10 ## [27,] "147"    "KEGG_TYPE_II_DIABETE" "-0.2391" "0.07"  "
0.4615"[] 
 []


Overfull \hbox (1.49698pt too wide) in paragraph at lines 1470--1470
[]\OT1/cmtt/m/n/10 ## [28,] "34"     "KEGG_AMINO_SUGAR_AND" "-0.4474" "0.08"  "
0.491"[] 
 []


Overfull \hbox (1.49698pt too wide) in paragraph at lines 1470--1470
[]\OT1/cmtt/m/n/10 ## [29,] "102"    "KEGG_MTOR_SIGNALING_" "-0.3444" "0.08"  "
0.491"[] 
 []

[30]
Underfull \vbox (badness 10000) detected at line 1471
 []


Underfull \vbox (badness 10000) detected at line 1471
 []

[31]
Underfull \vbox (badness 10000) detected at line 1471
 []


Underfull \vbox (badness 10000) detected at line 1471
 []

[32]
Underfull \vbox (badness 10000) detected at line 1471
 []


Underfull \vbox (badness 10000) detected at line 1471
 []

[33] [34] [35] (./EjemploAnalisisMicroarrays.bbl [36]) [37]
Package atveryend Info: Empty hook `BeforeClearDocument' on input line 1522.
 [38]
Package atveryend Info: Empty hook `AfterLastShipout' on input line 1522.

(./EjemploAnalisisMicroarrays.aux)
Package atveryend Info: Executing hook `AtVeryEndDocument' on input line 1522.
Package atveryend Info: Executing hook `AtEndAfterFileList' on input line 1522.

Package rerunfilecheck Info: File `EjemploAnalisisMicroarrays.out' has not chan
ged.
(rerunfilecheck)             Checksum: DAC53285E4BE9F56093FAADE6EC6829F;3134.
Package atveryend Info: Empty hook `AtVeryVeryEnd' on input line 1522.
 ) 
Here is how much of TeX's memory you used:
 5770 strings out of 493304
 85231 string characters out of 6139871
 193040 words of memory out of 5000000
 9045 multiletter control sequences out of 15000+600000
 8577 words of font info for 31 fonts, out of 8000000 for 9000
 957 hyphenation exceptions out of 8191
 29i,8n,28p,790b,432s stack positions out of 5000i,500n,10000p,200000b,80000s
</usr/share/texlive/texmf-dist/fonts/type1/public/amsfonts/cm/cmbx10.pfb></us
r/share/texlive/texmf-dist/fonts/type1/public/amsfonts/cm/cmbx12.pfb></usr/shar
e/texlive/texmf-dist/fonts/type1/public/amsfonts/cm/cmitt10.pfb></usr/share/tex
live/texmf-dist/fonts/type1/public/amsfonts/cm/cmmi10.pfb></usr/share/texlive/t
exmf-dist/fonts/type1/public/amsfonts/cm/cmr10.pfb></usr/share/texlive/texmf-di
st/fonts/type1/public/amsfonts/cm/cmr12.pfb></usr/share/texlive/texmf-dist/font
s/type1/public/amsfonts/cm/cmr17.pfb></usr/share/texlive/texmf-dist/fonts/type1
/public/amsfonts/cm/cmr6.pfb></usr/share/texlive/texmf-dist/fonts/type1/public/
amsfonts/cm/cmr7.pfb></usr/share/texlive/texmf-dist/fonts/type1/public/amsfonts
/cm/cmr8.pfb></usr/share/texlive/texmf-dist/fonts/type1/public/amsfonts/cm/cmsy
10.pfb></usr/share/texlive/texmf-dist/fonts/type1/public/amsfonts/cm/cmti10.pfb
></usr/share/texlive/texmf-dist/fonts/type1/public/amsfonts/cm/cmtt10.pfb>
Output written on EjemploAnalisisMicroarrays.pdf (38 pages, 487820 bytes).
PDF statistics:
 545 PDF objects out of 1000 (max. 8388607)
 468 compressed objects within 5 object streams
 104 named destinations out of 1000 (max. 500000)
 331 words of extra memory for PDF output out of 10000 (max. 10000000)

