This is pdfTeX, Version 3.1415926-2.5-1.40.14 (TeX Live 2013/Debian) (format=pdflatex 2015.5.25)  10 JAN 2016 17:26
entering extended mode
 restricted \write18 enabled.
 %&-line parsing enabled.
**EjemploAnalisisMicroarrays-knitr.tex
(./EjemploAnalisisMicroarrays-knitr.tex
LaTeX2e <2011/06/27>
Babel <3.9h> and hyphenation patterns for 2 languages loaded.
(/usr/share/texlive/texmf-dist/tex/latex/base/article.cls
Document Class: article 2007/10/19 v1.4h Standard LaTeX document class
(/usr/share/texlive/texmf-dist/tex/latex/base/size10.clo
File: size10.clo 2007/10/19 v1.4h Standard LaTeX file (size option)
)
\c@part=\count79
\c@section=\count80
\c@subsection=\count81
\c@subsubsection=\count82
\c@paragraph=\count83
\c@subparagraph=\count84
\c@figure=\count85
\c@table=\count86
\abovecaptionskip=\skip41
\belowcaptionskip=\skip42
\bibindent=\dimen102
)
(/usr/share/texlive/texmf-dist/tex/latex/graphics/graphicx.sty
Package: graphicx 1999/02/16 v1.0f Enhanced LaTeX Graphics (DPC,SPQR)

(/usr/share/texlive/texmf-dist/tex/latex/graphics/keyval.sty
Package: keyval 1999/03/16 v1.13 key=value parser (DPC)
\KV@toks@=\toks14
)
(/usr/share/texlive/texmf-dist/tex/latex/graphics/graphics.sty
Package: graphics 2009/02/05 v1.0o Standard LaTeX Graphics (DPC,SPQR)

(/usr/share/texlive/texmf-dist/tex/latex/graphics/trig.sty
Package: trig 1999/03/16 v1.09 sin cos tan (DPC)
)
(/usr/share/texlive/texmf-dist/tex/latex/latexconfig/graphics.cfg
File: graphics.cfg 2010/04/23 v1.9 graphics configuration of TeX Live
)
Package graphics Info: Driver file: pdftex.def on input line 91.

(/usr/share/texlive/texmf-dist/tex/latex/pdftex-def/pdftex.def
File: pdftex.def 2011/05/27 v0.06d Graphics/color for pdfTeX

(/usr/share/texlive/texmf-dist/tex/generic/oberdiek/infwarerr.sty
Package: infwarerr 2010/04/08 v1.3 Providing info/warning/error messages (HO)
)
(/usr/share/texlive/texmf-dist/tex/generic/oberdiek/ltxcmds.sty
Package: ltxcmds 2011/11/09 v1.22 LaTeX kernel commands for general use (HO)
)
\Gread@gobject=\count87
))
\Gin@req@height=\dimen103
\Gin@req@width=\dimen104
)
(/usr/share/texlive/texmf-dist/tex/latex/graphics/color.sty
Package: color 2005/11/14 v1.0j Standard LaTeX Color (DPC)

(/usr/share/texlive/texmf-dist/tex/latex/latexconfig/color.cfg
File: color.cfg 2007/01/18 v1.5 color configuration of teTeX/TeXLive
)
Package color Info: Driver file: pdftex.def on input line 130.
)
(/usr/share/texlive/texmf-dist/tex/latex/framed/framed.sty
Package: framed 2011/10/22 v 0.96: framed or shaded text with page breaks
\OuterFrameSep=\skip43
\fb@frw=\dimen105
\fb@frh=\dimen106
\FrameRule=\dimen107
\FrameSep=\dimen108
)
(/usr/share/texlive/texmf-dist/tex/latex/base/alltt.sty
Package: alltt 1997/06/16 v2.0g defines alltt environment
)
(/usr/share/texlive/texmf-dist/tex/latex/hyperref/hyperref.sty
Package: hyperref 2012/11/06 v6.83m Hypertext links for LaTeX

(/usr/share/texlive/texmf-dist/tex/generic/oberdiek/hobsub-hyperref.sty
Package: hobsub-hyperref 2012/05/28 v1.13 Bundle oberdiek, subset hyperref (HO)


(/usr/share/texlive/texmf-dist/tex/generic/oberdiek/hobsub-generic.sty
Package: hobsub-generic 2012/05/28 v1.13 Bundle oberdiek, subset generic (HO)
Package: hobsub 2012/05/28 v1.13 Construct package bundles (HO)
Package hobsub Info: Skipping package `infwarerr' (already loaded).
Package hobsub Info: Skipping package `ltxcmds' (already loaded).
Package: ifluatex 2010/03/01 v1.3 Provides the ifluatex switch (HO)
Package ifluatex Info: LuaTeX not detected.
Package: ifvtex 2010/03/01 v1.5 Detect VTeX and its facilities (HO)
Package ifvtex Info: VTeX not detected.
Package: intcalc 2007/09/27 v1.1 Expandable calculations with integers (HO)
Package: ifpdf 2011/01/30 v2.3 Provides the ifpdf switch (HO)
Package ifpdf Info: pdfTeX in PDF mode is detected.
Package: etexcmds 2011/02/16 v1.5 Avoid name clashes with e-TeX commands (HO)
Package etexcmds Info: Could not find \expanded.
(etexcmds)             That can mean that you are not using pdfTeX 1.50 or
(etexcmds)             that some package has redefined \expanded.
(etexcmds)             In the latter case, load this package earlier.
Package: kvsetkeys 2012/04/25 v1.16 Key value parser (HO)
Package: kvdefinekeys 2011/04/07 v1.3 Define keys (HO)
Package: pdftexcmds 2011/11/29 v0.20 Utility functions of pdfTeX for LuaTeX (HO
)
Package pdftexcmds Info: LuaTeX not detected.
Package pdftexcmds Info: \pdf@primitive is available.
Package pdftexcmds Info: \pdf@ifprimitive is available.
Package pdftexcmds Info: \pdfdraftmode found.
Package: pdfescape 2011/11/25 v1.13 Implements pdfTeX's escape features (HO)
Package: bigintcalc 2012/04/08 v1.3 Expandable calculations on big integers (HO
)
Package: bitset 2011/01/30 v1.1 Handle bit-vector datatype (HO)
Package: uniquecounter 2011/01/30 v1.2 Provide unlimited unique counter (HO)
)
Package hobsub Info: Skipping package `hobsub' (already loaded).
Package: letltxmacro 2010/09/02 v1.4 Let assignment for LaTeX macros (HO)
Package: hopatch 2012/05/28 v1.2 Wrapper for package hooks (HO)
Package: xcolor-patch 2011/01/30 xcolor patch
Package: atveryend 2011/06/30 v1.8 Hooks at the very end of document (HO)
Package atveryend Info: \enddocument detected (standard20110627).
Package: atbegshi 2011/10/05 v1.16 At begin shipout hook (HO)
Package: refcount 2011/10/16 v3.4 Data extraction from label references (HO)
Package: hycolor 2011/01/30 v1.7 Color options for hyperref/bookmark (HO)
)
(/usr/share/texlive/texmf-dist/tex/generic/ifxetex/ifxetex.sty
Package: ifxetex 2010/09/12 v0.6 Provides ifxetex conditional
)
(/usr/share/texlive/texmf-dist/tex/latex/oberdiek/auxhook.sty
Package: auxhook 2011/03/04 v1.3 Hooks for auxiliary files (HO)
)
(/usr/share/texlive/texmf-dist/tex/latex/oberdiek/kvoptions.sty
Package: kvoptions 2011/06/30 v3.11 Key value format for package options (HO)
)
\@linkdim=\dimen109
\Hy@linkcounter=\count88
\Hy@pagecounter=\count89

(/usr/share/texlive/texmf-dist/tex/latex/hyperref/pd1enc.def
File: pd1enc.def 2012/11/06 v6.83m Hyperref: PDFDocEncoding definition (HO)
)
\Hy@SavedSpaceFactor=\count90

(/usr/share/texlive/texmf-dist/tex/latex/latexconfig/hyperref.cfg
File: hyperref.cfg 2002/06/06 v1.2 hyperref configuration of TeXLive
)
Package hyperref Info: Hyper figures OFF on input line 4443.
Package hyperref Info: Link nesting OFF on input line 4448.
Package hyperref Info: Hyper index ON on input line 4451.
Package hyperref Info: Plain pages OFF on input line 4458.
Package hyperref Info: Backreferencing OFF on input line 4463.
Package hyperref Info: Implicit mode ON; LaTeX internals redefined.
Package hyperref Info: Bookmarks ON on input line 4688.
\c@Hy@tempcnt=\count91

(/usr/share/texlive/texmf-dist/tex/latex/url/url.sty
\Urlmuskip=\muskip10
Package: url 2013/09/16  ver 3.4  Verb mode for urls, etc.
)
LaTeX Info: Redefining \url on input line 5041.
\XeTeXLinkMargin=\dimen110
\Fld@menulength=\count92
\Field@Width=\dimen111
\Fld@charsize=\dimen112
Package hyperref Info: Hyper figures OFF on input line 6295.
Package hyperref Info: Link nesting OFF on input line 6300.
Package hyperref Info: Hyper index ON on input line 6303.
Package hyperref Info: backreferencing OFF on input line 6310.
Package hyperref Info: Link coloring OFF on input line 6315.
Package hyperref Info: Link coloring with OCG OFF on input line 6320.
Package hyperref Info: PDF/A mode OFF on input line 6325.
LaTeX Info: Redefining \ref on input line 6365.
LaTeX Info: Redefining \pageref on input line 6369.
\Hy@abspage=\count93
\c@Item=\count94
\c@Hfootnote=\count95
)

Package hyperref Message: Driver (autodetected): hpdftex.

(/usr/share/texlive/texmf-dist/tex/latex/hyperref/hpdftex.def
File: hpdftex.def 2012/11/06 v6.83m Hyperref driver for pdfTeX
\Fld@listcount=\count96
\c@bookmark@seq@number=\count97

(/usr/share/texlive/texmf-dist/tex/latex/oberdiek/rerunfilecheck.sty
Package: rerunfilecheck 2011/04/15 v1.7 Rerun checks for auxiliary files (HO)
Package uniquecounter Info: New unique counter `rerunfilecheck' on input line 2
82.
)
\Hy@SectionHShift=\skip44
)
(/usr/share/texlive/texmf-dist/tex/latex/tools/longtable.sty
Package: longtable 2004/02/01 v4.11 Multi-page Table package (DPC)
\LTleft=\skip45
\LTright=\skip46
\LTpre=\skip47
\LTpost=\skip48
\LTchunksize=\count98
\LTcapwidth=\dimen113
\LT@head=\box26
\LT@firsthead=\box27
\LT@foot=\box28
\LT@lastfoot=\box29
\LT@cols=\count99
\LT@rows=\count100
\c@LT@tables=\count101
\c@LT@chunks=\count102
\LT@p@ftn=\toks15
)
(/usr/share/texlive/texmf-dist/tex/latex/base/inputenc.sty
Package: inputenc 2008/03/30 v1.1d Input encoding file
\inpenc@prehook=\toks16
\inpenc@posthook=\toks17

(/usr/share/texlive/texmf-dist/tex/latex/base/utf8.def
File: utf8.def 2008/04/05 v1.1m UTF-8 support for inputenc
Now handling font encoding OML ...
... no UTF-8 mapping file for font encoding OML
Now handling font encoding T1 ...
... processing UTF-8 mapping file for font encoding T1

(/usr/share/texlive/texmf-dist/tex/latex/base/t1enc.dfu
File: t1enc.dfu 2008/04/05 v1.1m UTF-8 support for inputenc
   defining Unicode char U+00A1 (decimal 161)
   defining Unicode char U+00A3 (decimal 163)
   defining Unicode char U+00AB (decimal 171)
   defining Unicode char U+00BB (decimal 187)
   defining Unicode char U+00BF (decimal 191)
   defining Unicode char U+00C0 (decimal 192)
   defining Unicode char U+00C1 (decimal 193)
   defining Unicode char U+00C2 (decimal 194)
   defining Unicode char U+00C3 (decimal 195)
   defining Unicode char U+00C4 (decimal 196)
   defining Unicode char U+00C5 (decimal 197)
   defining Unicode char U+00C6 (decimal 198)
   defining Unicode char U+00C7 (decimal 199)
   defining Unicode char U+00C8 (decimal 200)
   defining Unicode char U+00C9 (decimal 201)
   defining Unicode char U+00CA (decimal 202)
   defining Unicode char U+00CB (decimal 203)
   defining Unicode char U+00CC (decimal 204)
   defining Unicode char U+00CD (decimal 205)
   defining Unicode char U+00CE (decimal 206)
   defining Unicode char U+00CF (decimal 207)
   defining Unicode char U+00D0 (decimal 208)
   defining Unicode char U+00D1 (decimal 209)
   defining Unicode char U+00D2 (decimal 210)
   defining Unicode char U+00D3 (decimal 211)
   defining Unicode char U+00D4 (decimal 212)
   defining Unicode char U+00D5 (decimal 213)
   defining Unicode char U+00D6 (decimal 214)
   defining Unicode char U+00D8 (decimal 216)
   defining Unicode char U+00D9 (decimal 217)
   defining Unicode char U+00DA (decimal 218)
   defining Unicode char U+00DB (decimal 219)
   defining Unicode char U+00DC (decimal 220)
   defining Unicode char U+00DD (decimal 221)
   defining Unicode char U+00DE (decimal 222)
   defining Unicode char U+00DF (decimal 223)
   defining Unicode char U+00E0 (decimal 224)
   defining Unicode char U+00E1 (decimal 225)
   defining Unicode char U+00E2 (decimal 226)
   defining Unicode char U+00E3 (decimal 227)
   defining Unicode char U+00E4 (decimal 228)
   defining Unicode char U+00E5 (decimal 229)
   defining Unicode char U+00E6 (decimal 230)
   defining Unicode char U+00E7 (decimal 231)
   defining Unicode char U+00E8 (decimal 232)
   defining Unicode char U+00E9 (decimal 233)
   defining Unicode char U+00EA (decimal 234)
   defining Unicode char U+00EB (decimal 235)
   defining Unicode char U+00EC (decimal 236)
   defining Unicode char U+00ED (decimal 237)
   defining Unicode char U+00EE (decimal 238)
   defining Unicode char U+00EF (decimal 239)
   defining Unicode char U+00F0 (decimal 240)
   defining Unicode char U+00F1 (decimal 241)
   defining Unicode char U+00F2 (decimal 242)
   defining Unicode char U+00F3 (decimal 243)
   defining Unicode char U+00F4 (decimal 244)
   defining Unicode char U+00F5 (decimal 245)
   defining Unicode char U+00F6 (decimal 246)
   defining Unicode char U+00F8 (decimal 248)
   defining Unicode char U+00F9 (decimal 249)
   defining Unicode char U+00FA (decimal 250)
   defining Unicode char U+00FB (decimal 251)
   defining Unicode char U+00FC (decimal 252)
   defining Unicode char U+00FD (decimal 253)
   defining Unicode char U+00FE (decimal 254)
   defining Unicode char U+00FF (decimal 255)
   defining Unicode char U+0102 (decimal 258)
   defining Unicode char U+0103 (decimal 259)
   defining Unicode char U+0104 (decimal 260)
   defining Unicode char U+0105 (decimal 261)
   defining Unicode char U+0106 (decimal 262)
   defining Unicode char U+0107 (decimal 263)
   defining Unicode char U+010C (decimal 268)
   defining Unicode char U+010D (decimal 269)
   defining Unicode char U+010E (decimal 270)
   defining Unicode char U+010F (decimal 271)
   defining Unicode char U+0110 (decimal 272)
   defining Unicode char U+0111 (decimal 273)
   defining Unicode char U+0118 (decimal 280)
   defining Unicode char U+0119 (decimal 281)
   defining Unicode char U+011A (decimal 282)
   defining Unicode char U+011B (decimal 283)
   defining Unicode char U+011E (decimal 286)
   defining Unicode char U+011F (decimal 287)
   defining Unicode char U+0130 (decimal 304)
   defining Unicode char U+0131 (decimal 305)
   defining Unicode char U+0132 (decimal 306)
   defining Unicode char U+0133 (decimal 307)
   defining Unicode char U+0139 (decimal 313)
   defining Unicode char U+013A (decimal 314)
   defining Unicode char U+013D (decimal 317)
   defining Unicode char U+013E (decimal 318)
   defining Unicode char U+0141 (decimal 321)
   defining Unicode char U+0142 (decimal 322)
   defining Unicode char U+0143 (decimal 323)
   defining Unicode char U+0144 (decimal 324)
   defining Unicode char U+0147 (decimal 327)
   defining Unicode char U+0148 (decimal 328)
   defining Unicode char U+014A (decimal 330)
   defining Unicode char U+014B (decimal 331)
   defining Unicode char U+0150 (decimal 336)
   defining Unicode char U+0151 (decimal 337)
   defining Unicode char U+0152 (decimal 338)
   defining Unicode char U+0153 (decimal 339)
   defining Unicode char U+0154 (decimal 340)
   defining Unicode char U+0155 (decimal 341)
   defining Unicode char U+0158 (decimal 344)
   defining Unicode char U+0159 (decimal 345)
   defining Unicode char U+015A (decimal 346)
   defining Unicode char U+015B (decimal 347)
   defining Unicode char U+015E (decimal 350)
   defining Unicode char U+015F (decimal 351)
   defining Unicode char U+0160 (decimal 352)
   defining Unicode char U+0161 (decimal 353)
   defining Unicode char U+0162 (decimal 354)
   defining Unicode char U+0163 (decimal 355)
   defining Unicode char U+0164 (decimal 356)
   defining Unicode char U+0165 (decimal 357)
   defining Unicode char U+016E (decimal 366)
   defining Unicode char U+016F (decimal 367)
   defining Unicode char U+0170 (decimal 368)
   defining Unicode char U+0171 (decimal 369)
   defining Unicode char U+0178 (decimal 376)
   defining Unicode char U+0179 (decimal 377)
   defining Unicode char U+017A (decimal 378)
   defining Unicode char U+017B (decimal 379)
   defining Unicode char U+017C (decimal 380)
   defining Unicode char U+017D (decimal 381)
   defining Unicode char U+017E (decimal 382)
   defining Unicode char U+200C (decimal 8204)
   defining Unicode char U+2013 (decimal 8211)
   defining Unicode char U+2014 (decimal 8212)
   defining Unicode char U+2018 (decimal 8216)
   defining Unicode char U+2019 (decimal 8217)
   defining Unicode char U+201A (decimal 8218)
   defining Unicode char U+201C (decimal 8220)
   defining Unicode char U+201D (decimal 8221)
   defining Unicode char U+201E (decimal 8222)
   defining Unicode char U+2030 (decimal 8240)
   defining Unicode char U+2031 (decimal 8241)
   defining Unicode char U+2039 (decimal 8249)
   defining Unicode char U+203A (decimal 8250)
   defining Unicode char U+2423 (decimal 9251)
)
Now handling font encoding OT1 ...
... processing UTF-8 mapping file for font encoding OT1

(/usr/share/texlive/texmf-dist/tex/latex/base/ot1enc.dfu
File: ot1enc.dfu 2008/04/05 v1.1m UTF-8 support for inputenc
   defining Unicode char U+00A1 (decimal 161)
   defining Unicode char U+00A3 (decimal 163)
   defining Unicode char U+00B8 (decimal 184)
   defining Unicode char U+00BF (decimal 191)
   defining Unicode char U+00C5 (decimal 197)
   defining Unicode char U+00C6 (decimal 198)
   defining Unicode char U+00D8 (decimal 216)
   defining Unicode char U+00DF (decimal 223)
   defining Unicode char U+00E6 (decimal 230)
   defining Unicode char U+00EC (decimal 236)
   defining Unicode char U+00ED (decimal 237)
   defining Unicode char U+00EE (decimal 238)
   defining Unicode char U+00EF (decimal 239)
   defining Unicode char U+00F8 (decimal 248)
   defining Unicode char U+0131 (decimal 305)
   defining Unicode char U+0141 (decimal 321)
   defining Unicode char U+0142 (decimal 322)
   defining Unicode char U+0152 (decimal 338)
   defining Unicode char U+0153 (decimal 339)
   defining Unicode char U+2013 (decimal 8211)
   defining Unicode char U+2014 (decimal 8212)
   defining Unicode char U+2018 (decimal 8216)
   defining Unicode char U+2019 (decimal 8217)
   defining Unicode char U+201C (decimal 8220)
   defining Unicode char U+201D (decimal 8221)
)
Now handling font encoding OMS ...
... processing UTF-8 mapping file for font encoding OMS

(/usr/share/texlive/texmf-dist/tex/latex/base/omsenc.dfu
File: omsenc.dfu 2008/04/05 v1.1m UTF-8 support for inputenc
   defining Unicode char U+00A7 (decimal 167)
   defining Unicode char U+00B6 (decimal 182)
   defining Unicode char U+00B7 (decimal 183)
   defining Unicode char U+2020 (decimal 8224)
   defining Unicode char U+2021 (decimal 8225)
   defining Unicode char U+2022 (decimal 8226)
)
Now handling font encoding OMX ...
... no UTF-8 mapping file for font encoding OMX
Now handling font encoding U ...
... no UTF-8 mapping file for font encoding U
Now handling font encoding PD1 ...
... no UTF-8 mapping file for font encoding PD1
   defining Unicode char U+00A9 (decimal 169)
   defining Unicode char U+00AA (decimal 170)
   defining Unicode char U+00AE (decimal 174)
   defining Unicode char U+00BA (decimal 186)
   defining Unicode char U+02C6 (decimal 710)
   defining Unicode char U+02DC (decimal 732)
   defining Unicode char U+200C (decimal 8204)
   defining Unicode char U+2026 (decimal 8230)
   defining Unicode char U+2122 (decimal 8482)
   defining Unicode char U+2423 (decimal 9251)
))
(/usr/share/texlive/texmf-dist/tex/generic/babel/babel.sty
Package: babel 2013/12/03 3.9h The Babel package


! Package babel Error: Unknown option `spanish'. Either you misspelled it
(babel)                or the language definition file spanish.ldf was not foun
d.

See the babel package documentation for explanation.
Type  H <return>  for immediate help.
 ...                                              
                                                  
l.296 \ProcessOptions*
                      
Valid options are: shorthands=, KeepShorthandsActive,
activeacute, activegrave, noconfigs, safe=, main=, math=
headfoot=, strings=, config=, hyphenmap=, or a language name.


! Package babel Error: You haven't specified a language option.

See the babel package documentation for explanation.
Type  H <return>  for immediate help.
 ...                                              
                                                  
l.329 ...ry to proceed from here, type x to quit.}
                                                  
You need to specify a language, either as a global option
or as an optional argument to the \usepackage command;
You shouldn't try to proceed from here, type x to quit.

) (/usr/share/texlive/texmf-dist/tex/latex/underscore/underscore.sty
Package: underscore 2006/09/13
LaTeX Info: Redefining \_ on input line 42.
)
(/usr/share/texlive/texmf-dist/tex/latex/upquote/upquote.sty
Package: upquote 2012/04/19 v1.3 upright-quote and grave-accent glyphs in verba
tim
)
(./EjemploAnalisisMicroarrays-knitr.aux

LaTeX Warning: Label `fig:RLE' multiply defined.


LaTeX Warning: Label `fig:boxplot' multiply defined.


LaTeX Warning: Label `table.targets' multiply defined.

)
\openout1 = `EjemploAnalisisMicroarrays-knitr.aux'.

LaTeX Font Info:    Checking defaults for OML/cmm/m/it on input line 75.
LaTeX Font Info:    ... okay on input line 75.
LaTeX Font Info:    Checking defaults for T1/cmr/m/n on input line 75.
LaTeX Font Info:    ... okay on input line 75.
LaTeX Font Info:    Checking defaults for OT1/cmr/m/n on input line 75.
LaTeX Font Info:    ... okay on input line 75.
LaTeX Font Info:    Checking defaults for OMS/cmsy/m/n on input line 75.
LaTeX Font Info:    ... okay on input line 75.
LaTeX Font Info:    Checking defaults for OMX/cmex/m/n on input line 75.
LaTeX Font Info:    ... okay on input line 75.
LaTeX Font Info:    Checking defaults for U/cmr/m/n on input line 75.
LaTeX Font Info:    ... okay on input line 75.
LaTeX Font Info:    Checking defaults for PD1/pdf/m/n on input line 75.
LaTeX Font Info:    ... okay on input line 75.
 (/usr/share/texlive/texmf-dist/tex/context/base/supp-pdf.mkii
[Loading MPS to PDF converter (version 2006.09.02).]
\scratchcounter=\count103
\scratchdimen=\dimen114
\scratchbox=\box30
\nofMPsegments=\count104
\nofMParguments=\count105
\everyMPshowfont=\toks18
\MPscratchCnt=\count106
\MPscratchDim=\dimen115
\MPnumerator=\count107
\makeMPintoPDFobject=\count108
\everyMPtoPDFconversion=\toks19
) (/usr/share/texlive/texmf-dist/tex/latex/oberdiek/epstopdf-base.sty
Package: epstopdf-base 2010/02/09 v2.5 Base part for package epstopdf

(/usr/share/texlive/texmf-dist/tex/latex/oberdiek/grfext.sty
Package: grfext 2010/08/19 v1.1 Manage graphics extensions (HO)
)
Package grfext Info: Graphics extension search list:
(grfext)             [.png,.pdf,.jpg,.mps,.jpeg,.jbig2,.jb2,.PNG,.PDF,.JPG,.JPE
G,.JBIG2,.JB2,.eps]
(grfext)             \AppendGraphicsExtensions on input line 452.

(/usr/share/texlive/texmf-dist/tex/latex/latexconfig/epstopdf-sys.cfg
File: epstopdf-sys.cfg 2010/07/13 v1.3 Configuration of (r)epstopdf for TeX Liv
e
))
\AtBeginShipoutBox=\box31
Package hyperref Info: Link coloring OFF on input line 75.

(/usr/share/texlive/texmf-dist/tex/latex/hyperref/nameref.sty
Package: nameref 2012/10/27 v2.43 Cross-referencing by name of section

(/usr/share/texlive/texmf-dist/tex/generic/oberdiek/gettitlestring.sty
Package: gettitlestring 2010/12/03 v1.4 Cleanup title references (HO)
)
\c@section@level=\count109
)
LaTeX Info: Redefining \ref on input line 75.
LaTeX Info: Redefining \pageref on input line 75.
LaTeX Info: Redefining \nameref on input line 75.

(./EjemploAnalisisMicroarrays-knitr.out)
(./EjemploAnalisisMicroarrays-knitr.out)
\@outlinefile=\write3
\openout3 = `EjemploAnalisisMicroarrays-knitr.out'.

LaTeX Font Info:    External font `cmex10' loaded for size
(Font)              <12> on input line 80.
LaTeX Font Info:    External font `cmex10' loaded for size
(Font)              <8> on input line 80.
LaTeX Font Info:    External font `cmex10' loaded for size
(Font)              <6> on input line 80.

(./EjemploAnalisisMicroarrays-knitr.toc
LaTeX Font Info:    External font `cmex10' loaded for size
(Font)              <7> on input line 2.
LaTeX Font Info:    External font `cmex10' loaded for size
(Font)              <5> on input line 2.

Overfull \hbox (6.0107pt too wide) in paragraph at lines 13--13
 [] [][]\OT1/cmr/bx/n/10 Preprocesado: Ex-plo-raci^^Son, Con-trol de Cal-i-dad 
y Nor-mal-izaci^^Son[] []  
 []

[1

{/var/lib/texmf/fonts/map/pdftex/updmap/pdftex.map}])
\tf@toc=\write4
\openout4 = `EjemploAnalisisMicroarrays-knitr.toc'.

LaTeX Font Info:    Try loading font information for OMS+cmr on input line 98.

(/usr/share/texlive/texmf-dist/tex/latex/base/omscmr.fd
File: omscmr.fd 1999/05/25 v2.5h Standard LaTeX font definitions
)
LaTeX Font Info:    Font shape `OMS/cmr/m/n' in size <10> not available
(Font)              Font shape `OMS/cmsy/m/n' tried instead on input line 98.
 [2]
<images/analysisProcess.png, id=199, 615.29875pt x 485.815pt>
File: images/analysisProcess.png Graphic file (type png)

<use images/analysisProcess.png>
Package pdftex.def Info: images/analysisProcess.png used on input line 112.
(pdftex.def)             Requested size: 256.0748pt x 202.18767pt.


LaTeX Warning: Citation `Irizarry:2003' on page 3 undefined on input line 121.


LaTeX Warning: Citation `Smyth:2004' on page 3 undefined on input line 127.

[3 <./images/analysisProcess.png (PNG copy)>]
Overfull \hbox (12.25056pt too wide) in paragraph at lines 133--135
[]\OT1/cmr/m/n/10 Los genes m^^Sas rel-e-vantes de cada com-paraci^^Son se re-s
altaron uti-lizando ``volcano-
 []


LaTeX Warning: Citation `BenjaminiHochberg:1995' on page 4 undefined on input l
ine 137.


LaTeX Warning: Citation `Gentleman:2004' on page 4 undefined on input line 146.



LaTeX Warning: Citation `Falcon:2007' on page 4 undefined on input line 146.


LaTeX Warning: Citation `Gentleman:2005' on page 4 undefined on input line 150.


Package color Info: Redefining color shadecolor on input line 155.
LaTeX Font Info:    Font shape `OT1/cmtt/bx/n' in size <10> not available
(Font)              Font shape `OT1/cmtt/m/n' tried instead on input line 157.
LaTeX Font Info:    Try loading font information for OMS+cmtt on input line 157
.
(/usr/share/R/share/texmf/tex/latex/omscmtt.fd
File: omscmtt.fd 
)
LaTeX Font Info:    Font shape `OMS/cmtt/m/n' in size <10> not available
(Font)              Font shape `OMS/cmsy/m/n' tried instead on input line 157.

Overfull \hbox (11.99689pt too wide) in paragraph at lines 167--167
\OT1/cmtt/m/it/10 ##    colnames, do.call, duplicated, eval, evalq, Filter, Fin
d, get, 
 []


Overfull \hbox (6.74693pt too wide) in paragraph at lines 167--167
\OT1/cmtt/m/it/10 ##    order, paste, pmax, pmax.int, pmin, pmin.int, Position,
 rank, 
 []


Overfull \hbox (11.99689pt too wide) in paragraph at lines 167--167
\OT1/cmtt/m/it/10 ##    'citation("Biobase")', and for packages 'citation("pkgn
ame")'.[] 
 []


Overfull \hbox (38.24666pt too wide) in paragraph at lines 172--172
\OT1/cmtt/m/it/10 ## Creating a generic function for 'nchar' from package 'base
' in package
 []


Overfull \hbox (22.4968pt too wide) in paragraph at lines 189--190
[]\OT1/cmtt/m/n/10 ## Warning: replacing previous import by 'ggplot2::unit' whe
n loading
 []


Overfull \hbox (27.74675pt too wide) in paragraph at lines 191--192
[]\OT1/cmtt/m/n/10 ## Warning: replacing previous import by 'ggplot2::arrow' wh
en loading
 []


Overfull \hbox (22.4968pt too wide) in paragraph at lines 193--193
[]\OT1/cmtt/m/n/10 ## Warning: replacing previous import by 'scales::alpha' whe
n loading
 []


Overfull \hbox (17.24684pt too wide) in paragraph at lines 214--214
\OT1/cmtt/m/it/10 ## KEGG.db contains mappings based on older data because the 
original 
 []


Overfull \hbox (6.74693pt too wide) in paragraph at lines 214--214
\OT1/cmtt/m/it/10 ##  resource was removed from the the public domain before th
e most 
 []

[4] [5] [6] [7]

LaTeX Warning: Citation `Farmer2005' on page 8 undefined on input line 242.


Overfull \hbox (15.37857pt too wide) in paragraph at lines 242--243
\OT1/cmr/m/n/10 art^^S^^Pculo de Farmer ([[]]) \OT1/cmr/m/it/10 et alt.\OT1/cmr
/m/n/10 ([]$\OT1/cmtt/m/n/10 http : / / www . ncbi . nlm . nih . gov / pubmed /
 15897907$[]\OT1/cmr/m/n/10 )
 []

Package color Info: Redefining color shadecolor on input line 252.
Package color Info: Redefining color shadecolor on input line 271.

Overfull \hbox (74.99634pt too wide) in paragraph at lines 273--273
[][]\OT1/cmtt/m/n/10 muestras[] []<-[] []read.csv2[][]([][]file.path[][](dataDi
r,[] []"Asignacion_de_muestras_a_grupos.csv"[][]),[][] 
 []

[8]
Underfull \vbox (badness 10000) detected at line 320
 []

Package color Info: Redefining color shadecolor on input line 326.

Overfull \hbox (27.74675pt too wide) in paragraph at lines 329--329
[][]\OT1/cmtt/m/n/10 sampleInfo[] []<-[] []read.AnnotatedDataFrame[][]([][]file
.path[][](dataDir,[][]"targets.txt"[][]),[][] 
 []


Overfull \hbox (17.24684pt too wide) in paragraph at lines 332--332
[][]\OT1/cmtt/m/n/10 rawData[] []<-[] []read.affybatch[][]([][]filenames[][]=[]
[]file.path[][](celfilesDir,fileNames),[][] 
 []

[9]
Package color Info: Redefining color shadecolor on input line 387.
 <images/graficplotHist-1.pdf, id=250, 505.89pt x 505.89pt>
File: images/graficplotHist-1.pdf Graphic file (type pdf)

<use images/graficplotHist-1.pdf>
Package pdftex.def Info: images/graficplotHist-1.pdf used on input line 388.
(pdftex.def)             Requested size: 345.0pt x 345.00414pt.
Package color Info: Redefining color shadecolor on input line 399.

Overfull \hbox (17.24684pt too wide) in paragraph at lines 401--401
[][]\OT1/cmtt/m/n/10 boxplot[][](rawData,[] []cex.axis[][]=[][]0.6[][],[] []col
[][]=colores,[] []las[][]=[][]2[][],[] []names[][]=sampleNames,[][] 
 []

<images/graficboxplot-1.pdf, id=251, 505.89pt x 505.89pt>
File: images/graficboxplot-1.pdf Graphic file (type pdf)

<use images/graficboxplot-1.pdf>
Package pdftex.def Info: images/graficboxplot-1.pdf used on input line 405.
(pdftex.def)             Requested size: 345.0pt x 345.00414pt.
 [10] [11 <./images/graficplotHist-1.pdf>]
[12 <./images/graficboxplot-1.pdf>]
Package color Info: Redefining color shadecolor on input line 415.

Overfull \hbox (53.99652pt too wide) in paragraph at lines 417--417
[][]\OT1/cmtt/m/n/10 plotPCA[] []<-[] []function[] []([] []X[][],[] []labels[][
]=[][]NULL[][],[] []colors[][]=[][]NULL[][],[] []dataDesc[][]=[][]""[][],[] []s
cale[][]=[][]FALSE[][])[][] 
 []


Overfull \hbox (95.99615pt too wide) in paragraph at lines 427--427
[]  []\OT1/cmtt/m/n/10 title[][]([][]paste[][]([][]"Plot of first 2 PCs for exp
ressions in"[][], dataDesc,[] []sep[][]=[][]" "[][]),[] []cex[][]=[][]0.8[][])[
][] 
 []

Package color Info: Redefining color shadecolor on input line 436.

Overfull \hbox (32.9967pt too wide) in paragraph at lines 438--438
[][]\OT1/cmtt/m/n/10 plotPCA[][]([][]exprs[][](rawData),[] []labels[][]=sampleN
ames,[] []dataDesc[][]=[][]"selected samples"[][])[][] 
 []

<images/graficplotPCA2D-1.pdf, id=280, 505.89pt x 505.89pt>
File: images/graficplotPCA2D-1.pdf Graphic file (type pdf)

<use images/graficplotPCA2D-1.pdf>
Package pdftex.def Info: images/graficplotPCA2D-1.pdf used on input line 441.
(pdftex.def)             Requested size: 345.0pt x 345.00414pt.
Package color Info: Redefining color shadecolor on input line 453.

<images/graficdistAnalisis-1.pdf, id=281, 505.89pt x 505.89pt>
File: images/graficdistAnalisis-1.pdf Graphic file (type pdf)

<use images/graficdistAnalisis-1.pdf>
Package pdftex.def Info: images/graficdistAnalisis-1.pdf used on input line 459
.
(pdftex.def)             Requested size: 345.0pt x 345.00414pt.
Package color Info: Redefining color shadecolor on input line 475.

<images/graficplotDendro-1.pdf, id=282, 505.89pt x 505.89pt>
File: images/graficplotDendro-1.pdf Graphic file (type pdf)

<use images/graficplotDendro-1.pdf>
Package pdftex.def Info: images/graficplotDendro-1.pdf used on input line 476.
(pdftex.def)             Requested size: 345.0pt x 345.00414pt.
Package color Info: Redefining color shadecolor on input line 503.

<images/graficplotDeg-1.pdf, id=283, 505.89pt x 505.89pt>
File: images/graficplotDeg-1.pdf Graphic file (type pdf)

<use images/graficplotDeg-1.pdf>
Package pdftex.def Info: images/graficplotDeg-1.pdf used on input line 504.
(pdftex.def)             Requested size: 345.0pt x 345.00414pt.


LaTeX Warning: Citation `Gentleman:2005' on page 13 undefined on input line 511
.

[13] [14 <./images/graficplotPCA2D-1.pdf>] [15 <./images/graficdistAnalisis-1.p
df>] [16 <./images/graficplotDendro-1.pdf>] [17 <./images/graficplotDeg-1.pdf>]
Package color Info: Redefining color shadecolor on input line 516.
Package color Info: Redefining color shadecolor on input line 529.
<images/graficplotRLE-1.pdf, id=333, 505.89pt x 505.89pt>
File: images/graficplotRLE-1.pdf Graphic file (type pdf)

<use images/graficplotRLE-1.pdf>
Package pdftex.def Info: images/graficplotRLE-1.pdf used on input line 530.
(pdftex.def)             Requested size: 345.0pt x 345.00414pt.
Package color Info: Redefining color shadecolor on input line 541.

<images/graficplotNUSE-1.pdf, id=334, 505.89pt x 505.89pt>
File: images/graficplotNUSE-1.pdf Graphic file (type pdf)

<use images/graficplotNUSE-1.pdf>
Package pdftex.def Info: images/graficplotNUSE-1.pdf used on input line 542.
(pdftex.def)             Requested size: 345.0pt x 345.00414pt.
 [18 <./images/graficplotRLE-1.pdf>] [19 <./images/graficplotNUSE-1.pdf>]
Package color Info: Redefining color shadecolor on input line 555.

Overfull \hbox (80.24629pt too wide) in paragraph at lines 558--558
[][]\OT1/cmtt/m/n/10 arrayQualityMetrics[][](rawData,[] []outdir[] []=[] []file
.path[][](resultsDir,[] []"Qual/arrayQuality"[][]),[][] 
 []


Overfull \hbox (22.4968pt too wide) in paragraph at lines 563--564
[]\OT1/cmtt/m/it/10 ## The directory '/home/alex/Dropbox (VHIR)/Scripts/Exemple
_-Analisis_-
 []


Overfull \hbox (43.49661pt too wide) in paragraph at lines 565--566
[]\OT1/cmtt/m/n/10 ## Warning in svgStyleAttributes(style): Removing non-SVG st
yle attribute
 []


Overfull \hbox (43.49661pt too wide) in paragraph at lines 567--568
[]\OT1/cmtt/m/n/10 ## Warning in svgStyleAttributes(style): Removing non-SVG st
yle attribute
 []


Overfull \hbox (43.49661pt too wide) in paragraph at lines 569--570
[]\OT1/cmtt/m/n/10 ## Warning in svgStyleAttributes(style): Removing non-SVG st
yle attribute
 []


Overfull \hbox (43.49661pt too wide) in paragraph at lines 571--572
[]\OT1/cmtt/m/n/10 ## Warning in svgStyleAttributes(style): Removing non-SVG st
yle attribute
 []


Overfull \hbox (43.49661pt too wide) in paragraph at lines 573--574
[]\OT1/cmtt/m/n/10 ## Warning in svgStyleAttributes(style): Removing non-SVG st
yle attribute
 []


Overfull \hbox (43.49661pt too wide) in paragraph at lines 575--576
[]\OT1/cmtt/m/n/10 ## Warning in svgStyleAttributes(style): Removing non-SVG st
yle attribute
 []


Overfull \hbox (43.49661pt too wide) in paragraph at lines 577--578
[]\OT1/cmtt/m/n/10 ## Warning in svgStyleAttributes(style): Removing non-SVG st
yle attribute
 []


Overfull \hbox (43.49661pt too wide) in paragraph at lines 579--580
[]\OT1/cmtt/m/n/10 ## Warning in svgStyleAttributes(style): Removing non-SVG st
yle attribute
 []


Overfull \hbox (43.49661pt too wide) in paragraph at lines 581--582
[]\OT1/cmtt/m/n/10 ## Warning in svgStyleAttributes(style): Removing non-SVG st
yle attribute
 []


Overfull \hbox (43.49661pt too wide) in paragraph at lines 583--584
[]\OT1/cmtt/m/n/10 ## Warning in svgStyleAttributes(style): Removing non-SVG st
yle attribute
 []


Overfull \hbox (43.49661pt too wide) in paragraph at lines 585--586
[]\OT1/cmtt/m/n/10 ## Warning in svgStyleAttributes(style): Removing non-SVG st
yle attribute
 []


Overfull \hbox (43.49661pt too wide) in paragraph at lines 587--588
[]\OT1/cmtt/m/n/10 ## Warning in svgStyleAttributes(style): Removing non-SVG st
yle attribute
 []


Overfull \hbox (43.49661pt too wide) in paragraph at lines 589--590
[]\OT1/cmtt/m/n/10 ## Warning in svgStyleAttributes(style): Removing non-SVG st
yle attribute
 []


Overfull \hbox (43.49661pt too wide) in paragraph at lines 591--592
[]\OT1/cmtt/m/n/10 ## Warning in svgStyleAttributes(style): Removing non-SVG st
yle attribute
 []


Overfull \hbox (43.49661pt too wide) in paragraph at lines 593--594
[]\OT1/cmtt/m/n/10 ## Warning in svgStyleAttributes(style): Removing non-SVG st
yle attribute
 []


Overfull \hbox (53.99652pt too wide) in paragraph at lines 595--596
[]\OT1/cmtt/m/n/10 ## Warning in KernSmooth::bkde2D(x, gridsize = nbin, bandwid
th = bandwidth):
 []


Overfull \hbox (48.74657pt too wide) in paragraph at lines 595--596
\OT1/cmtt/m/n/10 Binning grid too coarse for current (small) bandwidth: conside
r increasing
 []


Overfull \hbox (53.99652pt too wide) in paragraph at lines 597--598
[]\OT1/cmtt/m/n/10 ## Warning in KernSmooth::bkde2D(x, gridsize = nbin, bandwid
th = bandwidth):
 []


Overfull \hbox (48.74657pt too wide) in paragraph at lines 597--598
\OT1/cmtt/m/n/10 Binning grid too coarse for current (small) bandwidth: conside
r increasing
 []


Overfull \hbox (53.99652pt too wide) in paragraph at lines 599--600
[]\OT1/cmtt/m/n/10 ## Warning in KernSmooth::bkde2D(x, gridsize = nbin, bandwid
th = bandwidth):
 []


Overfull \hbox (48.74657pt too wide) in paragraph at lines 599--600
\OT1/cmtt/m/n/10 Binning grid too coarse for current (small) bandwidth: conside
r increasing
 []


Overfull \hbox (53.99652pt too wide) in paragraph at lines 601--602
[]\OT1/cmtt/m/n/10 ## Warning in KernSmooth::bkde2D(x, gridsize = nbin, bandwid
th = bandwidth):
 []


Overfull \hbox (48.74657pt too wide) in paragraph at lines 601--602
\OT1/cmtt/m/n/10 Binning grid too coarse for current (small) bandwidth: conside
r increasing
 []


Overfull \hbox (53.99652pt too wide) in paragraph at lines 603--604
[]\OT1/cmtt/m/n/10 ## Warning in KernSmooth::bkde2D(x, gridsize = nbin, bandwid
th = bandwidth):
 []


Overfull \hbox (48.74657pt too wide) in paragraph at lines 603--604
\OT1/cmtt/m/n/10 Binning grid too coarse for current (small) bandwidth: conside
r increasing
 []


Overfull \hbox (53.99652pt too wide) in paragraph at lines 605--606
[]\OT1/cmtt/m/n/10 ## Warning in KernSmooth::bkde2D(x, gridsize = nbin, bandwid
th = bandwidth):
 []


Overfull \hbox (48.74657pt too wide) in paragraph at lines 605--606
\OT1/cmtt/m/n/10 Binning grid too coarse for current (small) bandwidth: conside
r increasing
 []


Overfull \hbox (53.99652pt too wide) in paragraph at lines 607--608
[]\OT1/cmtt/m/n/10 ## Warning in KernSmooth::bkde2D(x, gridsize = nbin, bandwid
th = bandwidth):
 []


Overfull \hbox (48.74657pt too wide) in paragraph at lines 607--608
\OT1/cmtt/m/n/10 Binning grid too coarse for current (small) bandwidth: conside
r increasing
 []


Overfull \hbox (53.99652pt too wide) in paragraph at lines 609--610
[]\OT1/cmtt/m/n/10 ## Warning in KernSmooth::bkde2D(x, gridsize = nbin, bandwid
th = bandwidth):
 []


Overfull \hbox (48.74657pt too wide) in paragraph at lines 609--610
\OT1/cmtt/m/n/10 Binning grid too coarse for current (small) bandwidth: conside
r increasing
 []


Overfull \hbox (53.99652pt too wide) in paragraph at lines 611--612
[]\OT1/cmtt/m/n/10 ## Warning in KernSmooth::bkde2D(x, gridsize = nbin, bandwid
th = bandwidth):
 []


Overfull \hbox (48.74657pt too wide) in paragraph at lines 611--612
\OT1/cmtt/m/n/10 Binning grid too coarse for current (small) bandwidth: conside
r increasing
 []


Overfull \hbox (53.99652pt too wide) in paragraph at lines 613--614
[]\OT1/cmtt/m/n/10 ## Warning in KernSmooth::bkde2D(x, gridsize = nbin, bandwid
th = bandwidth):
 []


Overfull \hbox (48.74657pt too wide) in paragraph at lines 613--614
\OT1/cmtt/m/n/10 Binning grid too coarse for current (small) bandwidth: conside
r increasing
 []


Overfull \hbox (53.99652pt too wide) in paragraph at lines 615--616
[]\OT1/cmtt/m/n/10 ## Warning in KernSmooth::bkde2D(x, gridsize = nbin, bandwid
th = bandwidth):
 []


Overfull \hbox (48.74657pt too wide) in paragraph at lines 615--616
\OT1/cmtt/m/n/10 Binning grid too coarse for current (small) bandwidth: conside
r increasing
 []


Overfull \hbox (53.99652pt too wide) in paragraph at lines 617--618
[]\OT1/cmtt/m/n/10 ## Warning in KernSmooth::bkde2D(x, gridsize = nbin, bandwid
th = bandwidth):
 []


Overfull \hbox (48.74657pt too wide) in paragraph at lines 617--618
\OT1/cmtt/m/n/10 Binning grid too coarse for current (small) bandwidth: conside
r increasing
 []


Overfull \hbox (53.99652pt too wide) in paragraph at lines 619--620
[]\OT1/cmtt/m/n/10 ## Warning in KernSmooth::bkde2D(x, gridsize = nbin, bandwid
th = bandwidth):
 []


Overfull \hbox (48.74657pt too wide) in paragraph at lines 619--620
\OT1/cmtt/m/n/10 Binning grid too coarse for current (small) bandwidth: conside
r increasing
 []


Overfull \hbox (53.99652pt too wide) in paragraph at lines 621--622
[]\OT1/cmtt/m/n/10 ## Warning in KernSmooth::bkde2D(x, gridsize = nbin, bandwid
th = bandwidth):
 []


Overfull \hbox (48.74657pt too wide) in paragraph at lines 621--622
\OT1/cmtt/m/n/10 Binning grid too coarse for current (small) bandwidth: conside
r increasing
 []


Overfull \hbox (53.99652pt too wide) in paragraph at lines 623--624
[]\OT1/cmtt/m/n/10 ## Warning in KernSmooth::bkde2D(x, gridsize = nbin, bandwid
th = bandwidth):
 []


Overfull \hbox (48.74657pt too wide) in paragraph at lines 623--624
\OT1/cmtt/m/n/10 Binning grid too coarse for current (small) bandwidth: conside
r increasing
 []


Overfull \hbox (53.99652pt too wide) in paragraph at lines 625--625
[]\OT1/cmtt/m/n/10 ## Warning in KernSmooth::bkde2D(x, gridsize = nbin, bandwid
th = bandwidth):
 []


Overfull \hbox (48.74657pt too wide) in paragraph at lines 625--625
\OT1/cmtt/m/n/10 Binning grid too coarse for current (small) bandwidth: conside
r increasing
 []

[20] [21]
Package color Info: Redefining color shadecolor on input line 648.
Package color Info: Redefining color shadecolor on input line 665.

Overfull \hbox (74.99634pt too wide) in paragraph at lines 667--667
[][]\OT1/cmtt/m/n/10 boxplot[][](eset_rma,[][]main[][]=[][]"RMA"[][],[] []names
[][]=sampleNames,[] []cex.axis[][]=[][]0.7[][],[] []col[][]=colores,[][]las[][]
=[][]2[][])[][] 
 []

<images/graficnormBoxPlot-1.pdf, id=366, 505.89pt x 505.89pt>
File: images/graficnormBoxPlot-1.pdf Graphic file (type pdf)

<use images/graficnormBoxPlot-1.pdf>
Package pdftex.def Info: images/graficnormBoxPlot-1.pdf used on input line 670.

(pdftex.def)             Requested size: 345.0pt x 345.00414pt.

Overfull \hbox (13.58392pt too wide) in paragraph at lines 679--680
\OT1/cmr/m/n/10 ciones o que de-seamos quitar por otras ra-zones como por ejem-
plo que no disponemos
 []

Package color Info: Redefining color shadecolor on input line 684.

Overfull \hbox (8.94388pt too wide) in paragraph at lines 695--696
[]\OT1/cmr/m/n/10 La funci^^Son \OT1/cmtt/m/n/10 nsFilter \OT1/cmr/m/n/10 de-vu
elve los val-ores fil-tra-dos en un ob-jeto \OT1/cmtt/m/n/10 expressionSet
 []

Package color Info: Redefining color shadecolor on input line 698.
[22] [23 <./images/graficnormBoxPlot-1.pdf>]
Package color Info: Redefining color shadecolor on input line 743.

Overfull \hbox (90.7462pt too wide) in paragraph at lines 745--745
[][]\OT1/cmtt/m/n/10 save[][](eset_rma, eset_filtered,[] []file[][]=[][]file.pa
th[][](resultsDir,[] []"datos.normalizados.Rda"[][]))[][] 
 []

Package color Info: Redefining color shadecolor on input line 754.

Overfull \hbox (59.24648pt too wide) in paragraph at lines 756--756
[][]\OT1/cmtt/m/n/10 write.csv2[][]([][]exprs[][](eset_rma),[] []file.path[][](
resultsDir,[] []"Datos.Normalizados.csv2"[][]))[][] 
 []

[24]
Package color Info: Redefining color shadecolor on input line 786.
Package color Info: Redefining color shadecolor on input line 821.
 [25]
Overfull \hbox (1.1388pt too wide) in paragraph at lines 853--855
[]\OT1/cmr/m/n/10 El an^^Salisis pro-por-ciona los es-tad^^S^^Psticos de test h
a-bit-uales como \OT1/cmtt/m/n/10 Fold--change
 []


LaTeX Warning: Citation `BenjaminiHochberg:1995' on page 26 undefined on input 
line 858.

Package color Info: Redefining color shadecolor on input line 864.

Overfull \hbox (95.99615pt too wide) in paragraph at lines 866--866
[][]\OT1/cmtt/m/n/10 topTab_AvsB[] []<-[] []topTable[] [](fit.main,[] []number[
][]=[][]nrow[][](fit.main),[] []coef[][]=[][]"AvsB"[][],[] []adjust[][]=[][]"fd
r"[][])[][] 
 []


Overfull \hbox (95.99615pt too wide) in paragraph at lines 867--867
[][]\OT1/cmtt/m/n/10 topTab_AvsL[] []<-[] []topTable[] [](fit.main,[] []number[
][]=[][]nrow[][](fit.main),[] []coef[][]=[][]"AvsL"[][],[] []adjust[][]=[][]"fd
r"[][])[][] 
 []


Overfull \hbox (106.49606pt too wide) in paragraph at lines 868--868
[][]\OT1/cmtt/m/n/10 topTab_BvsL[]  []<-[] []topTable[] [](fit.main,[] []number
[][]=[][]nrow[][](fit.main) ,[] []coef[][]=[][]"BvsL"[][],[] []adjust[][]=[][]"
fdr"[][])[][] 
 []


LaTeX Warning: Reference `volcanos' on page 26 undefined on input line 873.


LaTeX Warning: File `volcanoPlotAvsB.pdf' not found on input line 877.


! Package pdftex.def Error: File `volcanoPlotAvsB.pdf' not found.

See the pdftex.def package documentation for explanation.
Type  H <return>  for immediate help.
 ...                                              
                                                  
l.877 \includegraphics{volcanoPlotAvsB.pdf}
                                           
Using draft setting for this image.
Try typing  <return>  to proceed.
If that doesn't work, type  X <return>  to quit.


LaTeX Warning: File `volcanoPlotAvsL.pdf' not found on input line 879.


! Package pdftex.def Error: File `volcanoPlotAvsL.pdf' not found.

See the pdftex.def package documentation for explanation.
Type  H <return>  for immediate help.
 ...                                              
                                                  
l.879 \includegraphics{volcanoPlotAvsL.pdf}
                                           
Using draft setting for this image.
Try typing  <return>  to proceed.
If that doesn't work, type  X <return>  to quit.

[26]

LaTeX Warning: File `volcanoPlotBvsL.pdf' not found on input line 881.


! Package pdftex.def Error: File `volcanoPlotBvsL.pdf' not found.

See the pdftex.def package documentation for explanation.
Type  H <return>  for immediate help.
 ...                                              
                                                  
l.881 \includegraphics{volcanoPlotBvsL.pdf}
                                           
Using draft setting for this image.
Try typing  <return>  to proceed.
If that doesn't work, type  X <return>  to quit.

[27]
Package color Info: Redefining color shadecolor on input line 890.

Overfull \hbox (27.74675pt too wide) in paragraph at lines 901--901
[]\OT1/cmtt/m/n/10 ## Numero de genes con un p--valor inferior a 0.05 en cada c
omparaci^^Son:[] 
 []

! Undefined control sequence.
<argument> ...paraci贸n:^^M## En la comparaci贸n '
                                                  A vs B':  730^^M## En la c...
l.901 \end{verbatim}
                    
The control sequence at the end of the top line
of your error message was never \def'ed. If you have
misspelled it (e.g., `\hobx'), type `I' and the correct
spelling (e.g., `I\hbox'). Otherwise just continue,
and I'll forget about whatever was undefined.

! Undefined control sequence.
<argument> ...n:^^M## En la comparaci贸n 'A vs B'
                                                  :  730^^M## En la comparac...
l.901 \end{verbatim}
                    
The control sequence at the end of the top line
of your error message was never \def'ed. If you have
misspelled it (e.g., `\hobx'), type `I' and the correct
spelling (e.g., `I\hbox'). Otherwise just continue,
and I'll forget about whatever was undefined.

! Undefined control sequence.
<argument> ...s B':  730^^M## En la comparaci贸n '
                                                  A vs L':  64^^M## En la co...
l.901 \end{verbatim}
                    
The control sequence at the end of the top line
of your error message was never \def'ed. If you have
misspelled it (e.g., `\hobx'), type `I' and the correct
spelling (e.g., `I\hbox'). Otherwise just continue,
and I'll forget about whatever was undefined.

! Undefined control sequence.
<argument> ...730^^M## En la comparaci贸n 'A vs L'
                                                  :  64^^M## En la comparaci...
l.901 \end{verbatim}
                    
The control sequence at the end of the top line
of your error message was never \def'ed. If you have
misspelled it (e.g., `\hobx'), type `I' and the correct
spelling (e.g., `I\hbox'). Otherwise just continue,
and I'll forget about whatever was undefined.

! Undefined control sequence.
<argument> ...vs L':  64^^M## En la comparaci贸n '
                                                  B vs L':  116^^M##^^M## Nu...
l.901 \end{verbatim}
                    
The control sequence at the end of the top line
of your error message was never \def'ed. If you have
misspelled it (e.g., `\hobx'), type `I' and the correct
spelling (e.g., `I\hbox'). Otherwise just continue,
and I'll forget about whatever was undefined.

! Undefined control sequence.
<argument> ... 64^^M## En la comparaci贸n 'B vs L'
                                                  :  116^^M##^^M## Numero de...
l.901 \end{verbatim}
                    
The control sequence at the end of the top line
of your error message was never \def'ed. If you have
misspelled it (e.g., `\hobx'), type `I' and the correct
spelling (e.g., `I\hbox'). Otherwise just continue,
and I'll forget about whatever was undefined.


Overfull \hbox (27.74675pt too wide) in paragraph at lines 901--901
[]\OT1/cmtt/m/n/10 ## Numero de genes con un p--valor inferior a 0.01 en cada c
omparaci^^Son:[] 
 []

! Undefined control sequence.
<argument> ...paraci贸n:^^M## En la comparaci贸n '
                                                  A vs B':  165^^M## En la c...
l.901 \end{verbatim}
                    
The control sequence at the end of the top line
of your error message was never \def'ed. If you have
misspelled it (e.g., `\hobx'), type `I' and the correct
spelling (e.g., `I\hbox'). Otherwise just continue,
and I'll forget about whatever was undefined.

! Undefined control sequence.
<argument> ...n:^^M## En la comparaci贸n 'A vs B'
                                                  :  165^^M## En la comparac...
l.901 \end{verbatim}
                    
The control sequence at the end of the top line
of your error message was never \def'ed. If you have
misspelled it (e.g., `\hobx'), type `I' and the correct
spelling (e.g., `I\hbox'). Otherwise just continue,
and I'll forget about whatever was undefined.

! Undefined control sequence.
<argument> ...s B':  165^^M## En la comparaci贸n '
                                                  A vs L':  32^^M## En la co...
l.901 \end{verbatim}
                    
The control sequence at the end of the top line
of your error message was never \def'ed. If you have
misspelled it (e.g., `\hobx'), type `I' and the correct
spelling (e.g., `I\hbox'). Otherwise just continue,
and I'll forget about whatever was undefined.

! Undefined control sequence.
<argument> ...165^^M## En la comparaci贸n 'A vs L'
                                                  :  32^^M## En la comparaci...
l.901 \end{verbatim}
                    
The control sequence at the end of the top line
of your error message was never \def'ed. If you have
misspelled it (e.g., `\hobx'), type `I' and the correct
spelling (e.g., `I\hbox'). Otherwise just continue,
and I'll forget about whatever was undefined.

! Undefined control sequence.
<argument> ...vs L':  32^^M## En la comparaci贸n '
                                                  B vs L':  28^^M
l.901 \end{verbatim}
                    
The control sequence at the end of the top line
of your error message was never \def'ed. If you have
misspelled it (e.g., `\hobx'), type `I' and the correct
spelling (e.g., `I\hbox'). Otherwise just continue,
and I'll forget about whatever was undefined.

! Undefined control sequence.
<argument> ... 32^^M## En la comparaci贸n 'B vs L'
                                                  :  28^^M
l.901 \end{verbatim}
                    
The control sequence at the end of the top line
of your error message was never \def'ed. If you have
misspelled it (e.g., `\hobx'), type `I' and the correct
spelling (e.g., `I\hbox'). Otherwise just continue,
and I'll forget about whatever was undefined.


Overfull \hbox (22.4968pt too wide) in paragraph at lines 911--912
[]\OT1/cmtt/m/n/10 ## Error in `[.data.frame`(topTab_-AvsB, 1:10, 1:7): undefin
ed columns
 []


Overfull \hbox (17.24684pt too wide) in paragraph at lines 913--913
[]\OT1/cmtt/m/n/10 ## Error in print(AvsB10, tabular.environment = "longtable",
 floating
 []


Overfull \hbox (11.99689pt too wide) in paragraph at lines 913--913
\OT1/cmtt/m/n/10 = FALSE): error in evaluating the argument 'x' in selecting a 
method
 []


Overfull \hbox (22.4968pt too wide) in paragraph at lines 918--919
[]\OT1/cmtt/m/n/10 ## Error in `[.data.frame`(topTab_-AvsL, 1:10, 1:7): undefin
ed columns
 []


Overfull \hbox (17.24684pt too wide) in paragraph at lines 920--920
[]\OT1/cmtt/m/n/10 ## Error in print(AvsL10, tabular.environment = "longtable",
 floating
 []


Overfull \hbox (11.99689pt too wide) in paragraph at lines 920--920
\OT1/cmtt/m/n/10 = FALSE): error in evaluating the argument 'x' in selecting a 
method
 []

[28]
Overfull \hbox (22.4968pt too wide) in paragraph at lines 925--926
[]\OT1/cmtt/m/n/10 ## Error in `[.data.frame`(topTab_-BvsL, 1:10, 1:7): undefin
ed columns
 []


Overfull \hbox (17.24684pt too wide) in paragraph at lines 927--927
[]\OT1/cmtt/m/n/10 ## Error in print(BvsL10, tabular.environment = "longtable",
 floating
 []


Overfull \hbox (11.99689pt too wide) in paragraph at lines 927--927
\OT1/cmtt/m/n/10 = FALSE): error in evaluating the argument 'x' in selecting a 
method
 []


Overfull \hbox (1.16307pt too wide) in paragraph at lines 930--930
[]\OT1/cmr/bx/n/14.4 Post-procesado de las lis-tas de genes obtenidas 
 []


Overfull \hbox (7.83392pt too wide) in paragraph at lines 934--935
[]\OT1/cmr/m/n/10 Entre es-tas ex-plo-raciones --que pode-mos lla-mar gener-i-c
a-mente ``post-procesado
 []

Package color Info: Redefining color shadecolor on input line 965.
[29]
Package color Info: Redefining color shadecolor on input line 983.
Package color Info: Redefining color shadecolor on input line 997.

Overfull \hbox (11.99689pt too wide) in paragraph at lines 999--999
[][]\OT1/cmtt/m/n/10 vennDiagram[] [](res.selected[,[][]1[][]:[][]3[][]],[] []m
ain[][]=[][]"Genes in common #1"[][],[] []cex[][]=[][]0.9[][])[][] 
 []

<images/graficvenn1-1.pdf, id=408, 505.89pt x 505.89pt>
File: images/graficvenn1-1.pdf Graphic file (type pdf)

<use images/graficvenn1-1.pdf>
Package pdftex.def Info: images/graficvenn1-1.pdf used on input line 1002.
(pdftex.def)             Requested size: 345.0pt x 345.00414pt.
Package color Info: Redefining color shadecolor on input line 1017.

Overfull \hbox (6.74693pt too wide) in paragraph at lines 1033--1033
[]\OT1/cmtt/m/n/10 ## Warning in (function () : hgu133aCHR is deprecated. Pleas
e use
 []


Overfull \hbox (22.4968pt too wide) in paragraph at lines 1038--1038
[]\OT1/cmtt/m/n/10 ## Warning in (function () : hgu133aCHRLENGTHS is deprecated
. Please
 []


Overfull \hbox (1.49698pt too wide) in paragraph at lines 1043--1043
[]\OT1/cmtt/m/n/10 ## Warning in (function () : hgu133aCHRLOC is deprecated. Pl
ease
 []


Overfull \hbox (17.24684pt too wide) in paragraph at lines 1048--1048
[]\OT1/cmtt/m/n/10 ## Warning in (function () : hgu133aCHRLOCEND is deprecated.
 Please
 []

[30] [31 <./images/graficvenn1-1.pdf>] [32]
Package color Info: Redefining color shadecolor on input line 1105.
Package color Info: Redefining color shadecolor on input line 1126.

Overfull \hbox (74.99634pt too wide) in paragraph at lines 1130--1130
[][]\OT1/cmtt/m/n/10 listOfTables[] []<-[] []list[][]([][]AvsB[] []= topTab_Avs
B,[] []AvsL[] []= topTab_AvsL,[] []BvsL[] []= topTab_BvsL)[][] 
 []


Overfull \hbox (13.733pt too wide) in paragraph at lines 1137--1137
[]  []\OT1/cmtt/m/it/10 # Los convertimos a identificadores Entrez ("EG") y a G
ene Symbols[][] 
 []


Overfull \hbox (45.23273pt too wide) in paragraph at lines 1142--1142
[]  []\OT1/cmtt/m/it/10 # Preparamos el data.frame con el que se crear^^Sa el a
rchivo de resultados[][] 
 []


Overfull \hbox (22.4968pt too wide) in paragraph at lines 1143--1143
[]  []\OT1/cmtt/m/n/10 otherNames[] []=[] []data.frame[][](selectedIDs, simbols
, topTab[whichGenes,[][]-[][]1[][]])[][] 
 []


Overfull \hbox (27.74675pt too wide) in paragraph at lines 1144--1144
[]  []\OT1/cmtt/m/n/10 names[][](otherNames)[] []=[] []c[][]([][]"Affy ID"[][],
[] []"Gene Symbol"[][],[] []colnames[][](topTab)[[][]-[][]1[][]])[][] 
 []


Overfull \hbox (69.74638pt too wide) in paragraph at lines 1149--1149
[]           []\OT1/cmtt/m/n/10 paste[][]([][]"Selected Genes in comparison "[]
[],comparison,[][]".html"[][],[] []sep[][]=[][]""[][])) ,[][] 
 []


Overfull \hbox (101.24611pt too wide) in paragraph at lines 1150--1150
[]           []\OT1/cmtt/m/n/10 title[] []=[] []paste[][]([][]"Diff. expressed 
genes in comparison "[][], comparison,[] []sep[][]=[][]""[][]),[][] 
 []

[33]
Package color Info: Redefining color shadecolor on input line 1173.
Package color Info: Redefining color shadecolor on input line 1199.

Overfull \hbox (64.49643pt too wide) in paragraph at lines 1202--1202
[][]\OT1/cmtt/m/n/10 heatmap[][](exprs2cluster,[] []col[][]=[][]rainbow[][]([][
]100[][]),[] []ColSideColors[][]=grupColors,[] []cexCol[][]=[][]0.9[][])[][] 
 []

<images/graficplotHeatMap1-1.pdf, id=434, 505.89pt x 505.89pt>
File: images/graficplotHeatMap1-1.pdf Graphic file (type pdf)

<use images/graficplotHeatMap1-1.pdf>
Package pdftex.def Info: images/graficplotHeatMap1-1.pdf used on input line 120
5.
(pdftex.def)             Requested size: 345.0pt x 345.00414pt.
Package color Info: Redefining color shadecolor on input line 1219.

<images/graficplotHeatMap2-1.pdf, id=435, 505.89pt x 505.89pt>
File: images/graficplotHeatMap2-1.pdf Graphic file (type pdf)

<use images/graficplotHeatMap2-1.pdf>
Package pdftex.def Info: images/graficplotHeatMap2-1.pdf used on input line 122
9.
(pdftex.def)             Requested size: 345.0pt x 345.00414pt.
 [34] [35 <./images/graficplotHeatMap1-1.pdf>] [36 <./images/graficplotHeatMap2
-1.pdf>]

LaTeX Warning: Citation `Khatri:2005' on page 37 undefined on input line 1242.


LaTeX Warning: Citation `Gentleman:2004' on page 37 undefined on input line 124
2.

Package color Info: Redefining color shadecolor on input line 1249.

Overfull \hbox (74.99634pt too wide) in paragraph at lines 1252--1252
[][]\OT1/cmtt/m/n/10 listOfTables[] []<-[] []list[][]([][]AvsB[] []= topTab_Avs
B,[] []AvsL[] []= topTab_AvsL,[] []BvsL[] []= topTab_BvsL)[][] 
 []


Overfull \hbox (76.73245pt too wide) in paragraph at lines 1256--1256
[]  []\OT1/cmtt/m/it/10 # Definimos el universo de genes: todos los que se han 
incluido en el an^^Salisis[][] 
 []


Overfull \hbox (50.48268pt too wide) in paragraph at lines 1257--1257
[]  []\OT1/cmtt/m/it/10 # EL programa trabaja con identificadores "entrez" y no
 admite duplicados[][] 
 []


Overfull \hbox (27.74675pt too wide) in paragraph at lines 1259--1259
[]  []\OT1/cmtt/m/n/10 entrezUniverse[] []=[] []unique[][]([][]getEG[][]([][]as
.character[][](topTab[][]$[][]ID),[] []"hgu133a.db"[][]))[][] 
 []


Overfull \hbox (50.48268pt too wide) in paragraph at lines 1263--1263
[]  []\OT1/cmtt/m/it/10 # por lo que es habitual basarse en p-valores sin ajust
ar para incluirlos[][] 
 []


Overfull \hbox (64.49643pt too wide) in paragraph at lines 1266--1266
[]  []\OT1/cmtt/m/n/10 geneIds[] []<-[]   []unique[][]([][]getEG[][]([][]as.cha
racter[][](topTab[][]$[][]ID[whichGenes]),[][]"hgu133a.db"[][]))[][] 
 []


Overfull \hbox (59.24648pt too wide) in paragraph at lines 1290--1290
[]  []\OT1/cmtt/m/n/10 htmlReport[][](GOhyper,[] []file[] []= GOfilename,[] []s
ummary.args[][]=[][]list[][]([][]"htmlLinks"[][]=[][]TRUE[][]))[][] 
 []


Overfull \hbox (80.24629pt too wide) in paragraph at lines 1291--1291
[]  []\OT1/cmtt/m/n/10 htmlReport[][](KEGGhyper,[] []file[] []= KEGGfilename,[]
 []summary.args[][]=[][]list[][]([][]"htmlLinks"[][]=[][]TRUE[][]))[][] 
 []


Overfull \hbox (32.9967pt too wide) in paragraph at lines 1296--1296
[]\OT1/cmtt/m/n/10 ## Error in unique(getEG(as.character(topTab$ID), "hgu133a.d
b")): error
 []


Overfull \hbox (48.74657pt too wide) in paragraph at lines 1296--1296
\OT1/cmtt/m/n/10 in evaluating the argument 'x' in selecting a method for funct
ion 'unique':
 []


Overfull \hbox (1.49698pt too wide) in paragraph at lines 1296--1296
\OT1/cmtt/m/n/10 ##  error in evaluating the argument 'x' in selecting a method
 for
 []


Overfull \hbox (6.74693pt too wide) in paragraph at lines 1296--1296
\OT1/cmtt/m/n/10 function 'unlist': Error in lookUp(x, data, "ENTREZID") : No k
eys
 []


Overfull \vbox (1.96666pt too high) detected at line 1296
 []

[37] [38]

LaTeX Warning: Citation `Choe:2005' on page 39 undefined on input line 1327.


LaTeX Warning: Citation `Zhu:2010' on page 39 undefined on input line 1327.

(./EjemploAnalisisMicroarrays-knitr.bbl [39])

LaTeX Warning: Citation `Leisch:2002a' on page 40 undefined on input line 1345.



LaTeX Warning: Citation `Leisch:2002b' on page 40 undefined on input line 1345.



LaTeX Warning: Reference `listaArchivos' on page 40 undefined on input line 134
9.


Overfull \hbox (11.99689pt too wide) in paragraph at lines 1354--1355
\OT1/cmtt/m/it/10 ## gdata: read.xls support for 'XLS' (Excel 97-2004) files EN
ABLED. 
 []


Overfull \hbox (6.74693pt too wide) in paragraph at lines 1354--1355
\OT1/cmtt/m/it/10 ## gdata: read.xls support for 'XLSX' (Excel 2007+) files ENA
BLED. 
 []


Overfull \hbox (17.24684pt too wide) in paragraph at lines 1356--1357
[]\OT1/cmtt/m/n/10 ## Warning in file(file, "rt"): cannot open file '/home/alex
/Dropbox
 []


Overfull \hbox (11.99689pt too wide) in paragraph at lines 1356--1357
\OT1/cmtt/m/n/10 (VHIR)/Scripts/Exemple_-Analisis_-BioC/results/listaArchivos.t
xt': El
 []


Overfull \hbox (1.49698pt too wide) in paragraph at lines 1360--1360
[]\OT1/cmtt/m/n/10 ## Error in xtable(listaArchivos, label = "listaArchivos", c
aption
 []


Overfull \hbox (43.49661pt too wide) in paragraph at lines 1360--1360
\OT1/cmtt/m/n/10 = "Lista de archivos generados en este an^^Salisis"): object '
listaArchivos'
 []

[40]
Underfull \vbox (badness 10000) detected at line 1385
 []

Package color Info: Redefining color shadecolor on input line 1391.

Overfull \hbox (69.74638pt too wide) in paragraph at lines 1394--1394
[]\OT1/cmtt/m/n/10 ## Error in hwrite(listaArchivos, file.path(resultsDir, "lis
taArchivos.html")):
 []

Package atveryend Info: Empty hook `BeforeClearDocument' on input line 1399.
[41]
Package atveryend Info: Empty hook `AfterLastShipout' on input line 1399.
 (./EjemploAnalisisMicroarrays-knitr.aux)
Package atveryend Info: Executing hook `AtVeryEndDocument' on input line 1399.
Package atveryend Info: Executing hook `AtEndAfterFileList' on input line 1399.

Package rerunfilecheck Info: File `EjemploAnalisisMicroarrays-knitr.out' has no
t changed.
(rerunfilecheck)             Checksum: 9A2918AD93395A0032B9782A434E82E9;3058.


LaTeX Warning: There were undefined references.


LaTeX Warning: There were multiply-defined labels.

Package atveryend Info: Empty hook `AtVeryVeryEnd' on input line 1399.
 ) 
Here is how much of TeX's memory you used:
 5882 strings out of 495028
 87043 string characters out of 6181497
 175801 words of memory out of 5000000
 8888 multiletter control sequences out of 15000+600000
 8577 words of font info for 31 fonts, out of 8000000 for 9000
 14 hyphenation exceptions out of 8191
 29i,8n,28p,1424b,428s stack positions out of 5000i,500n,10000p,200000b,80000s
</usr/share/texlive/texmf-dist/fonts/type1/public/amsfonts/cm/cmbx10.pfb></us
r/share/texlive/texmf-dist/fonts/type1/public/amsfonts/cm/cmbx12.pfb></usr/shar
e/texlive/texmf-dist/fonts/type1/public/amsfonts/cm/cmitt10.pfb></usr/share/tex
live/texmf-dist/fonts/type1/public/amsfonts/cm/cmmi10.pfb></usr/share/texlive/t
exmf-dist/fonts/type1/public/amsfonts/cm/cmr10.pfb></usr/share/texlive/texmf-di
st/fonts/type1/public/amsfonts/cm/cmr12.pfb></usr/share/texlive/texmf-dist/font
s/type1/public/amsfonts/cm/cmr17.pfb></usr/share/texlive/texmf-dist/fonts/type1
/public/amsfonts/cm/cmr6.pfb></usr/share/texlive/texmf-dist/fonts/type1/public/
amsfonts/cm/cmr7.pfb></usr/share/texlive/texmf-dist/fonts/type1/public/amsfonts
/cm/cmr8.pfb></usr/share/texlive/texmf-dist/fonts/type1/public/amsfonts/cm/cmsy
10.pfb></usr/share/texlive/texmf-dist/fonts/type1/public/amsfonts/cm/cmti10.pfb
></usr/share/texlive/texmf-dist/fonts/type1/public/amsfonts/cm/cmtt10.pfb>
Output written on EjemploAnalisisMicroarrays-knitr.pdf (41 pages, 506124 bytes)
.
PDF statistics:
 568 PDF objects out of 1000 (max. 8388607)
 482 compressed objects within 5 object streams
 111 named destinations out of 1000 (max. 500000)
 346 words of extra memory for PDF output out of 10000 (max. 10000000)

